nohup: ignoring input
🚀 Starting ChampSim simulation script...
📁 Creating output directory: ./results/pacipv_policy/secret_traces/compute_fp

=================================================
Processing trace set: compute_fp
=================================================
▶️ Running simulation for: compute_fp_0
✅ Finished. Results saved to: ./results/pacipv_policy/secret_traces/compute_fp/compute_fp_0.txt
▶️ Running simulation for: compute_fp_100
✅ Finished. Results saved to: ./results/pacipv_policy/secret_traces/compute_fp/compute_fp_100.txt
▶️ Running simulation for: compute_fp_101
✅ Finished. Results saved to: ./results/pacipv_policy/secret_traces/compute_fp/compute_fp_101.txt
▶️ Running simulation for: compute_fp_102
✅ Finished. Results saved to: ./results/pacipv_policy/secret_traces/compute_fp/compute_fp_102.txt
▶️ Running simulation for: compute_fp_103
✅ Finished. Results saved to: ./results/pacipv_policy/secret_traces/compute_fp/compute_fp_103.txt
▶️ Running simulation for: compute_fp_104
✅ Finished. Results saved to: ./results/pacipv_policy/secret_traces/compute_fp/compute_fp_104.txt
▶️ Running simulation for: compute_fp_105
✅ Finished. Results saved to: ./results/pacipv_policy/secret_traces/compute_fp/compute_fp_105.txt
▶️ Running simulation for: compute_fp_106
✅ Finished. Results saved to: ./results/pacipv_policy/secret_traces/compute_fp/compute_fp_106.txt
▶️ Running simulation for: compute_fp_107
✅ Finished. Results saved to: ./results/pacipv_policy/secret_traces/compute_fp/compute_fp_107.txt
▶️ Running simulation for: compute_fp_108
✅ Finished. Results saved to: ./results/pacipv_policy/secret_traces/compute_fp/compute_fp_108.txt
▶️ Running simulation for: compute_fp_109
✅ Finished. Results saved to: ./results/pacipv_policy/secret_traces/compute_fp/compute_fp_109.txt
▶️ Running simulation for: compute_fp_10
✅ Finished. Results saved to: ./results/pacipv_policy/secret_traces/compute_fp/compute_fp_10.txt
▶️ Running simulation for: compute_fp_110
✅ Finished. Results saved to: ./results/pacipv_policy/secret_traces/compute_fp/compute_fp_110.txt
▶️ Running simulation for: compute_fp_111
✅ Finished. Results saved to: ./results/pacipv_policy/secret_traces/compute_fp/compute_fp_111.txt
▶️ Running simulation for: compute_fp_112
./run_secret_pacipv.sh: line 49: 32550 Aborted                 (core dumped) env LLC_IPV="1_2_2_1_4#1_2_1_1_4" "$CHAMPSIM_BIN" --warmup-instructions "$WARMUP_INST" --simulation-instructions "$SIM_INST" "$trace_file" > "$output_file" 2>&1
✅ Finished. Results saved to: ./results/pacipv_policy/secret_traces/compute_fp/compute_fp_112.txt
▶️ Running simulation for: compute_fp_113
✅ Finished. Results saved to: ./results/pacipv_policy/secret_traces/compute_fp/compute_fp_113.txt
▶️ Running simulation for: compute_fp_114
✅ Finished. Results saved to: ./results/pacipv_policy/secret_traces/compute_fp/compute_fp_114.txt
▶️ Running simulation for: compute_fp_115
✅ Finished. Results saved to: ./results/pacipv_policy/secret_traces/compute_fp/compute_fp_115.txt
▶️ Running simulation for: compute_fp_116
./run_secret_pacipv.sh: line 49: 32681 Aborted                 (core dumped) env LLC_IPV="1_2_2_1_4#1_2_1_1_4" "$CHAMPSIM_BIN" --warmup-instructions "$WARMUP_INST" --simulation-instructions "$SIM_INST" "$trace_file" > "$output_file" 2>&1
✅ Finished. Results saved to: ./results/pacipv_policy/secret_traces/compute_fp/compute_fp_116.txt
▶️ Running simulation for: compute_fp_117
✅ Finished. Results saved to: ./results/pacipv_policy/secret_traces/compute_fp/compute_fp_117.txt
▶️ Running simulation for: compute_fp_118
✅ Finished. Results saved to: ./results/pacipv_policy/secret_traces/compute_fp/compute_fp_118.txt
▶️ Running simulation for: compute_fp_119
✅ Finished. Results saved to: ./results/pacipv_policy/secret_traces/compute_fp/compute_fp_119.txt
▶️ Running simulation for: compute_fp_11
✅ Finished. Results saved to: ./results/pacipv_policy/secret_traces/compute_fp/compute_fp_11.txt
▶️ Running simulation for: compute_fp_120
✅ Finished. Results saved to: ./results/pacipv_policy/secret_traces/compute_fp/compute_fp_120.txt
▶️ Running simulation for: compute_fp_121
✅ Finished. Results saved to: ./results/pacipv_policy/secret_traces/compute_fp/compute_fp_121.txt
▶️ Running simulation for: compute_fp_122
✅ Finished. Results saved to: ./results/pacipv_policy/secret_traces/compute_fp/compute_fp_122.txt
▶️ Running simulation for: compute_fp_123
✅ Finished. Results saved to: ./results/pacipv_policy/secret_traces/compute_fp/compute_fp_123.txt
▶️ Running simulation for: compute_fp_124
✅ Finished. Results saved to: ./results/pacipv_policy/secret_traces/compute_fp/compute_fp_124.txt
▶️ Running simulation for: compute_fp_125
✅ Finished. Results saved to: ./results/pacipv_policy/secret_traces/compute_fp/compute_fp_125.txt
▶️ Running simulation for: compute_fp_126
✅ Finished. Results saved to: ./results/pacipv_policy/secret_traces/compute_fp/compute_fp_126.txt
▶️ Running simulation for: compute_fp_127
./run_secret_pacipv.sh: line 49: 33104 Aborted                 (core dumped) env LLC_IPV="1_2_2_1_4#1_2_1_1_4" "$CHAMPSIM_BIN" --warmup-instructions "$WARMUP_INST" --simulation-instructions "$SIM_INST" "$trace_file" > "$output_file" 2>&1
✅ Finished. Results saved to: ./results/pacipv_policy/secret_traces/compute_fp/compute_fp_127.txt
▶️ Running simulation for: compute_fp_128
✅ Finished. Results saved to: ./results/pacipv_policy/secret_traces/compute_fp/compute_fp_128.txt
▶️ Running simulation for: compute_fp_129
✅ Finished. Results saved to: ./results/pacipv_policy/secret_traces/compute_fp/compute_fp_129.txt
▶️ Running simulation for: compute_fp_12
✅ Finished. Results saved to: ./results/pacipv_policy/secret_traces/compute_fp/compute_fp_12.txt
▶️ Running simulation for: compute_fp_130
✅ Finished. Results saved to: ./results/pacipv_policy/secret_traces/compute_fp/compute_fp_130.txt
▶️ Running simulation for: compute_fp_131
✅ Finished. Results saved to: ./results/pacipv_policy/secret_traces/compute_fp/compute_fp_131.txt
▶️ Running simulation for: compute_fp_132
✅ Finished. Results saved to: ./results/pacipv_policy/secret_traces/compute_fp/compute_fp_132.txt
▶️ Running simulation for: compute_fp_133
✅ Finished. Results saved to: ./results/pacipv_policy/secret_traces/compute_fp/compute_fp_133.txt
▶️ Running simulation for: compute_fp_134
✅ Finished. Results saved to: ./results/pacipv_policy/secret_traces/compute_fp/compute_fp_134.txt
▶️ Running simulation for: compute_fp_135
✅ Finished. Results saved to: ./results/pacipv_policy/secret_traces/compute_fp/compute_fp_135.txt
▶️ Running simulation for: compute_fp_136
✅ Finished. Results saved to: ./results/pacipv_policy/secret_traces/compute_fp/compute_fp_136.txt
▶️ Running simulation for: compute_fp_137
✅ Finished. Results saved to: ./results/pacipv_policy/secret_traces/compute_fp/compute_fp_137.txt
▶️ Running simulation for: compute_fp_138
✅ Finished. Results saved to: ./results/pacipv_policy/secret_traces/compute_fp/compute_fp_138.txt
▶️ Running simulation for: compute_fp_139
✅ Finished. Results saved to: ./results/pacipv_policy/secret_traces/compute_fp/compute_fp_139.txt
▶️ Running simulation for: compute_fp_13
✅ Finished. Results saved to: ./results/pacipv_policy/secret_traces/compute_fp/compute_fp_13.txt
▶️ Running simulation for: compute_fp_14
✅ Finished. Results saved to: ./results/pacipv_policy/secret_traces/compute_fp/compute_fp_14.txt
▶️ Running simulation for: compute_fp_15
✅ Finished. Results saved to: ./results/pacipv_policy/secret_traces/compute_fp/compute_fp_15.txt
▶️ Running simulation for: compute_fp_16
✅ Finished. Results saved to: ./results/pacipv_policy/secret_traces/compute_fp/compute_fp_16.txt
▶️ Running simulation for: compute_fp_17
✅ Finished. Results saved to: ./results/pacipv_policy/secret_traces/compute_fp/compute_fp_17.txt
▶️ Running simulation for: compute_fp_18
✅ Finished. Results saved to: ./results/pacipv_policy/secret_traces/compute_fp/compute_fp_18.txt
▶️ Running simulation for: compute_fp_19
✅ Finished. Results saved to: ./results/pacipv_policy/secret_traces/compute_fp/compute_fp_19.txt
▶️ Running simulation for: compute_fp_1
✅ Finished. Results saved to: ./results/pacipv_policy/secret_traces/compute_fp/compute_fp_1.txt
▶️ Running simulation for: compute_fp_20
✅ Finished. Results saved to: ./results/pacipv_policy/secret_traces/compute_fp/compute_fp_20.txt
▶️ Running simulation for: compute_fp_21
✅ Finished. Results saved to: ./results/pacipv_policy/secret_traces/compute_fp/compute_fp_21.txt
▶️ Running simulation for: compute_fp_22
✅ Finished. Results saved to: ./results/pacipv_policy/secret_traces/compute_fp/compute_fp_22.txt
▶️ Running simulation for: compute_fp_23
✅ Finished. Results saved to: ./results/pacipv_policy/secret_traces/compute_fp/compute_fp_23.txt
▶️ Running simulation for: compute_fp_24
✅ Finished. Results saved to: ./results/pacipv_policy/secret_traces/compute_fp/compute_fp_24.txt
▶️ Running simulation for: compute_fp_25
✅ Finished. Results saved to: ./results/pacipv_policy/secret_traces/compute_fp/compute_fp_25.txt
▶️ Running simulation for: compute_fp_26
✅ Finished. Results saved to: ./results/pacipv_policy/secret_traces/compute_fp/compute_fp_26.txt
▶️ Running simulation for: compute_fp_27
✅ Finished. Results saved to: ./results/pacipv_policy/secret_traces/compute_fp/compute_fp_27.txt
▶️ Running simulation for: compute_fp_28
✅ Finished. Results saved to: ./results/pacipv_policy/secret_traces/compute_fp/compute_fp_28.txt
▶️ Running simulation for: compute_fp_29
✅ Finished. Results saved to: ./results/pacipv_policy/secret_traces/compute_fp/compute_fp_29.txt
▶️ Running simulation for: compute_fp_2
✅ Finished. Results saved to: ./results/pacipv_policy/secret_traces/compute_fp/compute_fp_2.txt
▶️ Running simulation for: compute_fp_30
✅ Finished. Results saved to: ./results/pacipv_policy/secret_traces/compute_fp/compute_fp_30.txt
▶️ Running simulation for: compute_fp_31
✅ Finished. Results saved to: ./results/pacipv_policy/secret_traces/compute_fp/compute_fp_31.txt
▶️ Running simulation for: compute_fp_32
✅ Finished. Results saved to: ./results/pacipv_policy/secret_traces/compute_fp/compute_fp_32.txt
▶️ Running simulation for: compute_fp_33
✅ Finished. Results saved to: ./results/pacipv_policy/secret_traces/compute_fp/compute_fp_33.txt
▶️ Running simulation for: compute_fp_34
✅ Finished. Results saved to: ./results/pacipv_policy/secret_traces/compute_fp/compute_fp_34.txt
▶️ Running simulation for: compute_fp_35
✅ Finished. Results saved to: ./results/pacipv_policy/secret_traces/compute_fp/compute_fp_35.txt
▶️ Running simulation for: compute_fp_36
✅ Finished. Results saved to: ./results/pacipv_policy/secret_traces/compute_fp/compute_fp_36.txt
▶️ Running simulation for: compute_fp_37
✅ Finished. Results saved to: ./results/pacipv_policy/secret_traces/compute_fp/compute_fp_37.txt
▶️ Running simulation for: compute_fp_38
✅ Finished. Results saved to: ./results/pacipv_policy/secret_traces/compute_fp/compute_fp_38.txt
▶️ Running simulation for: compute_fp_39
✅ Finished. Results saved to: ./results/pacipv_policy/secret_traces/compute_fp/compute_fp_39.txt
▶️ Running simulation for: compute_fp_3
✅ Finished. Results saved to: ./results/pacipv_policy/secret_traces/compute_fp/compute_fp_3.txt
▶️ Running simulation for: compute_fp_40
✅ Finished. Results saved to: ./results/pacipv_policy/secret_traces/compute_fp/compute_fp_40.txt
▶️ Running simulation for: compute_fp_41
✅ Finished. Results saved to: ./results/pacipv_policy/secret_traces/compute_fp/compute_fp_41.txt
▶️ Running simulation for: compute_fp_42
✅ Finished. Results saved to: ./results/pacipv_policy/secret_traces/compute_fp/compute_fp_42.txt
▶️ Running simulation for: compute_fp_43
✅ Finished. Results saved to: ./results/pacipv_policy/secret_traces/compute_fp/compute_fp_43.txt
▶️ Running simulation for: compute_fp_44
✅ Finished. Results saved to: ./results/pacipv_policy/secret_traces/compute_fp/compute_fp_44.txt
▶️ Running simulation for: compute_fp_45
✅ Finished. Results saved to: ./results/pacipv_policy/secret_traces/compute_fp/compute_fp_45.txt
▶️ Running simulation for: compute_fp_46
✅ Finished. Results saved to: ./results/pacipv_policy/secret_traces/compute_fp/compute_fp_46.txt
▶️ Running simulation for: compute_fp_47
✅ Finished. Results saved to: ./results/pacipv_policy/secret_traces/compute_fp/compute_fp_47.txt
▶️ Running simulation for: compute_fp_48
✅ Finished. Results saved to: ./results/pacipv_policy/secret_traces/compute_fp/compute_fp_48.txt
▶️ Running simulation for: compute_fp_49
✅ Finished. Results saved to: ./results/pacipv_policy/secret_traces/compute_fp/compute_fp_49.txt
▶️ Running simulation for: compute_fp_4
✅ Finished. Results saved to: ./results/pacipv_policy/secret_traces/compute_fp/compute_fp_4.txt
▶️ Running simulation for: compute_fp_50
✅ Finished. Results saved to: ./results/pacipv_policy/secret_traces/compute_fp/compute_fp_50.txt
▶️ Running simulation for: compute_fp_51
✅ Finished. Results saved to: ./results/pacipv_policy/secret_traces/compute_fp/compute_fp_51.txt
▶️ Running simulation for: compute_fp_52
✅ Finished. Results saved to: ./results/pacipv_policy/secret_traces/compute_fp/compute_fp_52.txt
▶️ Running simulation for: compute_fp_53
✅ Finished. Results saved to: ./results/pacipv_policy/secret_traces/compute_fp/compute_fp_53.txt
▶️ Running simulation for: compute_fp_54
./run_secret_pacipv.sh: line 49: 41110 Aborted                 (core dumped) env LLC_IPV="1_2_2_1_4#1_2_1_1_4" "$CHAMPSIM_BIN" --warmup-instructions "$WARMUP_INST" --simulation-instructions "$SIM_INST" "$trace_file" > "$output_file" 2>&1
✅ Finished. Results saved to: ./results/pacipv_policy/secret_traces/compute_fp/compute_fp_54.txt
▶️ Running simulation for: compute_fp_55
✅ Finished. Results saved to: ./results/pacipv_policy/secret_traces/compute_fp/compute_fp_55.txt
▶️ Running simulation for: compute_fp_56
✅ Finished. Results saved to: ./results/pacipv_policy/secret_traces/compute_fp/compute_fp_56.txt
▶️ Running simulation for: compute_fp_57
✅ Finished. Results saved to: ./results/pacipv_policy/secret_traces/compute_fp/compute_fp_57.txt
▶️ Running simulation for: compute_fp_58
