nohup: ignoring input
🚀 Starting ChampSim simulation script for selected traces...
📁 Creating output directory: ./results/pacipv_policy/secret_traces
⚙️  Running with policy: PACIPV
⚠️ Warning: Could not determine folder for 'Selecting random traces...'. Skipping.
⚠️ Warning: Could not determine folder for '--------------------------------'. Skipping.
⚠️ Warning: Could not determine folder for ''. Skipping.
⚠️ Warning: Could not determine folder for '## Selecting 98 traces from: srv ##'. Skipping.
▶️ Running simulation for: srv605
✅ Finished. Results saved to: ./results/pacipv_policy/secret_traces/srv605.txt
▶️ Running simulation for: srv462
✅ Finished. Results saved to: ./results/pacipv_policy/secret_traces/srv462.txt
▶️ Running simulation for: srv476
✅ Finished. Results saved to: ./results/pacipv_policy/secret_traces/srv476.txt
▶️ Running simulation for: srv700
✅ Finished. Results saved to: ./results/pacipv_policy/secret_traces/srv700.txt
▶️ Running simulation for: srv413
✅ Finished. Results saved to: ./results/pacipv_policy/secret_traces/srv413.txt
▶️ Running simulation for: srv315
✅ Finished. Results saved to: ./results/pacipv_policy/secret_traces/srv315.txt
▶️ Running simulation for: srv22
✅ Finished. Results saved to: ./results/pacipv_policy/secret_traces/srv22.txt
▶️ Running simulation for: srv782
✅ Finished. Results saved to: ./results/pacipv_policy/secret_traces/srv782.txt
▶️ Running simulation for: srv263
✅ Finished. Results saved to: ./results/pacipv_policy/secret_traces/srv263.txt
▶️ Running simulation for: srv221
✅ Finished. Results saved to: ./results/pacipv_policy/secret_traces/srv221.txt
▶️ Running simulation for: srv403
✅ Finished. Results saved to: ./results/pacipv_policy/secret_traces/srv403.txt
▶️ Running simulation for: srv608
✅ Finished. Results saved to: ./results/pacipv_policy/secret_traces/srv608.txt
▶️ Running simulation for: srv422
✅ Finished. Results saved to: ./results/pacipv_policy/secret_traces/srv422.txt
▶️ Running simulation for: srv7
✅ Finished. Results saved to: ./results/pacipv_policy/secret_traces/srv7.txt
▶️ Running simulation for: srv638
✅ Finished. Results saved to: ./results/pacipv_policy/secret_traces/srv638.txt
▶️ Running simulation for: srv411
✅ Finished. Results saved to: ./results/pacipv_policy/secret_traces/srv411.txt
▶️ Running simulation for: srv390
✅ Finished. Results saved to: ./results/pacipv_policy/secret_traces/srv390.txt
▶️ Running simulation for: srv604
✅ Finished. Results saved to: ./results/pacipv_policy/secret_traces/srv604.txt
▶️ Running simulation for: srv192
✅ Finished. Results saved to: ./results/pacipv_policy/secret_traces/srv192.txt
▶️ Running simulation for: srv30
✅ Finished. Results saved to: ./results/pacipv_policy/secret_traces/srv30.txt
▶️ Running simulation for: srv196
✅ Finished. Results saved to: ./results/pacipv_policy/secret_traces/srv196.txt
▶️ Running simulation for: srv519
✅ Finished. Results saved to: ./results/pacipv_policy/secret_traces/srv519.txt
▶️ Running simulation for: srv558
✅ Finished. Results saved to: ./results/pacipv_policy/secret_traces/srv558.txt
▶️ Running simulation for: srv628
✅ Finished. Results saved to: ./results/pacipv_policy/secret_traces/srv628.txt
▶️ Running simulation for: srv351
✅ Finished. Results saved to: ./results/pacipv_policy/secret_traces/srv351.txt
▶️ Running simulation for: srv499
✅ Finished. Results saved to: ./results/pacipv_policy/secret_traces/srv499.txt
▶️ Running simulation for: srv409
✅ Finished. Results saved to: ./results/pacipv_policy/secret_traces/srv409.txt
▶️ Running simulation for: srv2
✅ Finished. Results saved to: ./results/pacipv_policy/secret_traces/srv2.txt
▶️ Running simulation for: srv697
✅ Finished. Results saved to: ./results/pacipv_policy/secret_traces/srv697.txt
▶️ Running simulation for: srv336
✅ Finished. Results saved to: ./results/pacipv_policy/secret_traces/srv336.txt
▶️ Running simulation for: srv234
✅ Finished. Results saved to: ./results/pacipv_policy/secret_traces/srv234.txt
▶️ Running simulation for: srv559
✅ Finished. Results saved to: ./results/pacipv_policy/secret_traces/srv559.txt
▶️ Running simulation for: srv154
✅ Finished. Results saved to: ./results/pacipv_policy/secret_traces/srv154.txt
▶️ Running simulation for: srv523
✅ Finished. Results saved to: ./results/pacipv_policy/secret_traces/srv523.txt
▶️ Running simulation for: srv158
✅ Finished. Results saved to: ./results/pacipv_policy/secret_traces/srv158.txt
▶️ Running simulation for: srv95
✅ Finished. Results saved to: ./results/pacipv_policy/secret_traces/srv95.txt
▶️ Running simulation for: srv569
✅ Finished. Results saved to: ./results/pacipv_policy/secret_traces/srv569.txt
▶️ Running simulation for: srv596
✅ Finished. Results saved to: ./results/pacipv_policy/secret_traces/srv596.txt
▶️ Running simulation for: srv138
✅ Finished. Results saved to: ./results/pacipv_policy/secret_traces/srv138.txt
▶️ Running simulation for: srv184
✅ Finished. Results saved to: ./results/pacipv_policy/secret_traces/srv184.txt
▶️ Running simulation for: srv245
✅ Finished. Results saved to: ./results/pacipv_policy/secret_traces/srv245.txt
▶️ Running simulation for: srv54
✅ Finished. Results saved to: ./results/pacipv_policy/secret_traces/srv54.txt
▶️ Running simulation for: srv383
✅ Finished. Results saved to: ./results/pacipv_policy/secret_traces/srv383.txt
▶️ Running simulation for: srv443
✅ Finished. Results saved to: ./results/pacipv_policy/secret_traces/srv443.txt
▶️ Running simulation for: srv115
✅ Finished. Results saved to: ./results/pacipv_policy/secret_traces/srv115.txt
▶️ Running simulation for: srv783
✅ Finished. Results saved to: ./results/pacipv_policy/secret_traces/srv783.txt
▶️ Running simulation for: srv729
✅ Finished. Results saved to: ./results/pacipv_policy/secret_traces/srv729.txt
▶️ Running simulation for: srv643
✅ Finished. Results saved to: ./results/pacipv_policy/secret_traces/srv643.txt
▶️ Running simulation for: srv84
✅ Finished. Results saved to: ./results/pacipv_policy/secret_traces/srv84.txt
▶️ Running simulation for: srv108
✅ Finished. Results saved to: ./results/pacipv_policy/secret_traces/srv108.txt
▶️ Running simulation for: srv744
✅ Finished. Results saved to: ./results/pacipv_policy/secret_traces/srv744.txt
▶️ Running simulation for: srv504
✅ Finished. Results saved to: ./results/pacipv_policy/secret_traces/srv504.txt
▶️ Running simulation for: srv169
✅ Finished. Results saved to: ./results/pacipv_policy/secret_traces/srv169.txt
▶️ Running simulation for: srv246
✅ Finished. Results saved to: ./results/pacipv_policy/secret_traces/srv246.txt
▶️ Running simulation for: srv42
✅ Finished. Results saved to: ./results/pacipv_policy/secret_traces/srv42.txt
▶️ Running simulation for: srv727
✅ Finished. Results saved to: ./results/pacipv_policy/secret_traces/srv727.txt
▶️ Running simulation for: srv267
✅ Finished. Results saved to: ./results/pacipv_policy/secret_traces/srv267.txt
▶️ Running simulation for: srv582
✅ Finished. Results saved to: ./results/pacipv_policy/secret_traces/srv582.txt
▶️ Running simulation for: srv695
✅ Finished. Results saved to: ./results/pacipv_policy/secret_traces/srv695.txt
▶️ Running simulation for: srv666
✅ Finished. Results saved to: ./results/pacipv_policy/secret_traces/srv666.txt
▶️ Running simulation for: srv10
✅ Finished. Results saved to: ./results/pacipv_policy/secret_traces/srv10.txt
▶️ Running simulation for: srv185
✅ Finished. Results saved to: ./results/pacipv_policy/secret_traces/srv185.txt
▶️ Running simulation for: srv212
✅ Finished. Results saved to: ./results/pacipv_policy/secret_traces/srv212.txt
▶️ Running simulation for: srv171
✅ Finished. Results saved to: ./results/pacipv_policy/secret_traces/srv171.txt
▶️ Running simulation for: srv222
✅ Finished. Results saved to: ./results/pacipv_policy/secret_traces/srv222.txt
▶️ Running simulation for: srv755
✅ Finished. Results saved to: ./results/pacipv_policy/secret_traces/srv755.txt
▶️ Running simulation for: srv24
✅ Finished. Results saved to: ./results/pacipv_policy/secret_traces/srv24.txt
▶️ Running simulation for: srv75
✅ Finished. Results saved to: ./results/pacipv_policy/secret_traces/srv75.txt
▶️ Running simulation for: srv617
✅ Finished. Results saved to: ./results/pacipv_policy/secret_traces/srv617.txt
▶️ Running simulation for: srv474
✅ Finished. Results saved to: ./results/pacipv_policy/secret_traces/srv474.txt
▶️ Running simulation for: srv694
✅ Finished. Results saved to: ./results/pacipv_policy/secret_traces/srv694.txt
▶️ Running simulation for: srv522
✅ Finished. Results saved to: ./results/pacipv_policy/secret_traces/srv522.txt
▶️ Running simulation for: srv568
✅ Finished. Results saved to: ./results/pacipv_policy/secret_traces/srv568.txt
▶️ Running simulation for: srv116
✅ Finished. Results saved to: ./results/pacipv_policy/secret_traces/srv116.txt
▶️ Running simulation for: srv352
✅ Finished. Results saved to: ./results/pacipv_policy/secret_traces/srv352.txt
▶️ Running simulation for: srv208
✅ Finished. Results saved to: ./results/pacipv_policy/secret_traces/srv208.txt
▶️ Running simulation for: srv177
✅ Finished. Results saved to: ./results/pacipv_policy/secret_traces/srv177.txt
▶️ Running simulation for: srv769
✅ Finished. Results saved to: ./results/pacipv_policy/secret_traces/srv769.txt
▶️ Running simulation for: srv565
✅ Finished. Results saved to: ./results/pacipv_policy/secret_traces/srv565.txt
▶️ Running simulation for: srv259
✅ Finished. Results saved to: ./results/pacipv_policy/secret_traces/srv259.txt
▶️ Running simulation for: srv537
✅ Finished. Results saved to: ./results/pacipv_policy/secret_traces/srv537.txt
▶️ Running simulation for: srv421
✅ Finished. Results saved to: ./results/pacipv_policy/secret_traces/srv421.txt
▶️ Running simulation for: srv601
✅ Finished. Results saved to: ./results/pacipv_policy/secret_traces/srv601.txt
▶️ Running simulation for: srv186
✅ Finished. Results saved to: ./results/pacipv_policy/secret_traces/srv186.txt
▶️ Running simulation for: srv541
✅ Finished. Results saved to: ./results/pacipv_policy/secret_traces/srv541.txt
▶️ Running simulation for: srv492
✅ Finished. Results saved to: ./results/pacipv_policy/secret_traces/srv492.txt
▶️ Running simulation for: srv683
✅ Finished. Results saved to: ./results/pacipv_policy/secret_traces/srv683.txt
▶️ Running simulation for: srv49
✅ Finished. Results saved to: ./results/pacipv_policy/secret_traces/srv49.txt
▶️ Running simulation for: srv387
✅ Finished. Results saved to: ./results/pacipv_policy/secret_traces/srv387.txt
▶️ Running simulation for: srv621
✅ Finished. Results saved to: ./results/pacipv_policy/secret_traces/srv621.txt
▶️ Running simulation for: srv593
✅ Finished. Results saved to: ./results/pacipv_policy/secret_traces/srv593.txt
▶️ Running simulation for: srv595
✅ Finished. Results saved to: ./results/pacipv_policy/secret_traces/srv595.txt
▶️ Running simulation for: srv444
✅ Finished. Results saved to: ./results/pacipv_policy/secret_traces/srv444.txt
▶️ Running simulation for: srv280
✅ Finished. Results saved to: ./results/pacipv_policy/secret_traces/srv280.txt
▶️ Running simulation for: srv734
✅ Finished. Results saved to: ./results/pacipv_policy/secret_traces/srv734.txt
▶️ Running simulation for: srv148
✅ Finished. Results saved to: ./results/pacipv_policy/secret_traces/srv148.txt
▶️ Running simulation for: srv750
✅ Finished. Results saved to: ./results/pacipv_policy/secret_traces/srv750.txt
▶️ Running simulation for: srv655
✅ Finished. Results saved to: ./results/pacipv_policy/secret_traces/srv655.txt
⚠️ Warning: Could not determine folder for ''. Skipping.
⚠️ Warning: Could not determine folder for '## Selecting 122 traces from: compute_int ##'. Skipping.
▶️ Running simulation for: compute_int_416
✅ Finished. Results saved to: ./results/pacipv_policy/secret_traces/compute_int_416.txt
▶️ Running simulation for: compute_int_587
✅ Finished. Results saved to: ./results/pacipv_policy/secret_traces/compute_int_587.txt
▶️ Running simulation for: compute_int_436
✅ Finished. Results saved to: ./results/pacipv_policy/secret_traces/compute_int_436.txt
▶️ Running simulation for: compute_int_96
✅ Finished. Results saved to: ./results/pacipv_policy/secret_traces/compute_int_96.txt
▶️ Running simulation for: compute_int_856
✅ Finished. Results saved to: ./results/pacipv_policy/secret_traces/compute_int_856.txt
▶️ Running simulation for: compute_int_244
✅ Finished. Results saved to: ./results/pacipv_policy/secret_traces/compute_int_244.txt
▶️ Running simulation for: compute_int_903
✅ Finished. Results saved to: ./results/pacipv_policy/secret_traces/compute_int_903.txt
▶️ Running simulation for: compute_int_495
✅ Finished. Results saved to: ./results/pacipv_policy/secret_traces/compute_int_495.txt
▶️ Running simulation for: compute_int_316
✅ Finished. Results saved to: ./results/pacipv_policy/secret_traces/compute_int_316.txt
▶️ Running simulation for: compute_int_539
✅ Finished. Results saved to: ./results/pacipv_policy/secret_traces/compute_int_539.txt
▶️ Running simulation for: compute_int_293
✅ Finished. Results saved to: ./results/pacipv_policy/secret_traces/compute_int_293.txt
▶️ Running simulation for: compute_int_114
✅ Finished. Results saved to: ./results/pacipv_policy/secret_traces/compute_int_114.txt
▶️ Running simulation for: compute_int_532
✅ Finished. Results saved to: ./results/pacipv_policy/secret_traces/compute_int_532.txt
▶️ Running simulation for: compute_int_402
✅ Finished. Results saved to: ./results/pacipv_policy/secret_traces/compute_int_402.txt
▶️ Running simulation for: compute_int_931
✅ Finished. Results saved to: ./results/pacipv_policy/secret_traces/compute_int_931.txt
▶️ Running simulation for: compute_int_255
✅ Finished. Results saved to: ./results/pacipv_policy/secret_traces/compute_int_255.txt
▶️ Running simulation for: compute_int_868
✅ Finished. Results saved to: ./results/pacipv_policy/secret_traces/compute_int_868.txt
▶️ Running simulation for: compute_int_681
✅ Finished. Results saved to: ./results/pacipv_policy/secret_traces/compute_int_681.txt
▶️ Running simulation for: compute_int_638
✅ Finished. Results saved to: ./results/pacipv_policy/secret_traces/compute_int_638.txt
▶️ Running simulation for: compute_int_397
✅ Finished. Results saved to: ./results/pacipv_policy/secret_traces/compute_int_397.txt
▶️ Running simulation for: compute_int_12
./run_pacipv_selected.sh: line 96: 145633 Aborted                 (core dumped) env L1I_IPV="1_2_2_1_4#1_2_1_1_4" L1D_IPV="1_2_2_1_4#1_2_1_1_4" L2C_IPV="1_2_2_1_4#1_2_1_1_4" LLC_IPV="1_2_2_1_4#1_2_1_1_4" "$CHAMPSIM_BIN" --warmup-instructions "$WARMUP_INST" --simulation-instructions "$SIM_INST" "$full_trace_path" > "$output_file" 2>&1
✅ Finished. Results saved to: ./results/pacipv_policy/secret_traces/compute_int_12.txt
▶️ Running simulation for: compute_int_816
✅ Finished. Results saved to: ./results/pacipv_policy/secret_traces/compute_int_816.txt
▶️ Running simulation for: compute_int_480
✅ Finished. Results saved to: ./results/pacipv_policy/secret_traces/compute_int_480.txt
▶️ Running simulation for: compute_int_490
✅ Finished. Results saved to: ./results/pacipv_policy/secret_traces/compute_int_490.txt
▶️ Running simulation for: compute_int_825
✅ Finished. Results saved to: ./results/pacipv_policy/secret_traces/compute_int_825.txt
▶️ Running simulation for: compute_int_835
✅ Finished. Results saved to: ./results/pacipv_policy/secret_traces/compute_int_835.txt
▶️ Running simulation for: compute_int_415
✅ Finished. Results saved to: ./results/pacipv_policy/secret_traces/compute_int_415.txt
▶️ Running simulation for: compute_int_711
✅ Finished. Results saved to: ./results/pacipv_policy/secret_traces/compute_int_711.txt
▶️ Running simulation for: compute_int_949
✅ Finished. Results saved to: ./results/pacipv_policy/secret_traces/compute_int_949.txt
▶️ Running simulation for: compute_int_9
✅ Finished. Results saved to: ./results/pacipv_policy/secret_traces/compute_int_9.txt
▶️ Running simulation for: compute_int_706
✅ Finished. Results saved to: ./results/pacipv_policy/secret_traces/compute_int_706.txt
▶️ Running simulation for: compute_int_298
✅ Finished. Results saved to: ./results/pacipv_policy/secret_traces/compute_int_298.txt
▶️ Running simulation for: compute_int_615
✅ Finished. Results saved to: ./results/pacipv_policy/secret_traces/compute_int_615.txt
▶️ Running simulation for: compute_int_154
✅ Finished. Results saved to: ./results/pacipv_policy/secret_traces/compute_int_154.txt
▶️ Running simulation for: compute_int_460
✅ Finished. Results saved to: ./results/pacipv_policy/secret_traces/compute_int_460.txt
▶️ Running simulation for: compute_int_585
✅ Finished. Results saved to: ./results/pacipv_policy/secret_traces/compute_int_585.txt
▶️ Running simulation for: compute_int_286
✅ Finished. Results saved to: ./results/pacipv_policy/secret_traces/compute_int_286.txt
▶️ Running simulation for: compute_int_13
✅ Finished. Results saved to: ./results/pacipv_policy/secret_traces/compute_int_13.txt
▶️ Running simulation for: compute_int_751
✅ Finished. Results saved to: ./results/pacipv_policy/secret_traces/compute_int_751.txt
▶️ Running simulation for: compute_int_411
✅ Finished. Results saved to: ./results/pacipv_policy/secret_traces/compute_int_411.txt
▶️ Running simulation for: compute_int_53
✅ Finished. Results saved to: ./results/pacipv_policy/secret_traces/compute_int_53.txt
▶️ Running simulation for: compute_int_668
✅ Finished. Results saved to: ./results/pacipv_policy/secret_traces/compute_int_668.txt
▶️ Running simulation for: compute_int_275
✅ Finished. Results saved to: ./results/pacipv_policy/secret_traces/compute_int_275.txt
▶️ Running simulation for: compute_int_510
✅ Finished. Results saved to: ./results/pacipv_policy/secret_traces/compute_int_510.txt
▶️ Running simulation for: compute_int_351
✅ Finished. Results saved to: ./results/pacipv_policy/secret_traces/compute_int_351.txt
▶️ Running simulation for: compute_int_401
✅ Finished. Results saved to: ./results/pacipv_policy/secret_traces/compute_int_401.txt
▶️ Running simulation for: compute_int_842
✅ Finished. Results saved to: ./results/pacipv_policy/secret_traces/compute_int_842.txt
▶️ Running simulation for: compute_int_227
✅ Finished. Results saved to: ./results/pacipv_policy/secret_traces/compute_int_227.txt
▶️ Running simulation for: compute_int_296
✅ Finished. Results saved to: ./results/pacipv_policy/secret_traces/compute_int_296.txt
▶️ Running simulation for: compute_int_309
✅ Finished. Results saved to: ./results/pacipv_policy/secret_traces/compute_int_309.txt
▶️ Running simulation for: compute_int_764
✅ Finished. Results saved to: ./results/pacipv_policy/secret_traces/compute_int_764.txt
▶️ Running simulation for: compute_int_133
✅ Finished. Results saved to: ./results/pacipv_policy/secret_traces/compute_int_133.txt
▶️ Running simulation for: compute_int_944
✅ Finished. Results saved to: ./results/pacipv_policy/secret_traces/compute_int_944.txt
▶️ Running simulation for: compute_int_794
✅ Finished. Results saved to: ./results/pacipv_policy/secret_traces/compute_int_794.txt
▶️ Running simulation for: compute_int_380
✅ Finished. Results saved to: ./results/pacipv_policy/secret_traces/compute_int_380.txt
▶️ Running simulation for: compute_int_589
✅ Finished. Results saved to: ./results/pacipv_policy/secret_traces/compute_int_589.txt
▶️ Running simulation for: compute_int_206
✅ Finished. Results saved to: ./results/pacipv_policy/secret_traces/compute_int_206.txt
▶️ Running simulation for: compute_int_409
✅ Finished. Results saved to: ./results/pacipv_policy/secret_traces/compute_int_409.txt
▶️ Running simulation for: compute_int_168
✅ Finished. Results saved to: ./results/pacipv_policy/secret_traces/compute_int_168.txt
▶️ Running simulation for: compute_int_10
✅ Finished. Results saved to: ./results/pacipv_policy/secret_traces/compute_int_10.txt
▶️ Running simulation for: compute_int_142
✅ Finished. Results saved to: ./results/pacipv_policy/secret_traces/compute_int_142.txt
▶️ Running simulation for: compute_int_913
✅ Finished. Results saved to: ./results/pacipv_policy/secret_traces/compute_int_913.txt
▶️ Running simulation for: compute_int_670
✅ Finished. Results saved to: ./results/pacipv_policy/secret_traces/compute_int_670.txt
▶️ Running simulation for: compute_int_741
✅ Finished. Results saved to: ./results/pacipv_policy/secret_traces/compute_int_741.txt
▶️ Running simulation for: compute_int_354
./run_pacipv_selected.sh: line 96: 148579 Aborted                 (core dumped) env L1I_IPV="1_2_2_1_4#1_2_1_1_4" L1D_IPV="1_2_2_1_4#1_2_1_1_4" L2C_IPV="1_2_2_1_4#1_2_1_1_4" LLC_IPV="1_2_2_1_4#1_2_1_1_4" "$CHAMPSIM_BIN" --warmup-instructions "$WARMUP_INST" --simulation-instructions "$SIM_INST" "$full_trace_path" > "$output_file" 2>&1
✅ Finished. Results saved to: ./results/pacipv_policy/secret_traces/compute_int_354.txt
▶️ Running simulation for: compute_int_208
✅ Finished. Results saved to: ./results/pacipv_policy/secret_traces/compute_int_208.txt
▶️ Running simulation for: compute_int_88
✅ Finished. Results saved to: ./results/pacipv_policy/secret_traces/compute_int_88.txt
▶️ Running simulation for: compute_int_273
✅ Finished. Results saved to: ./results/pacipv_policy/secret_traces/compute_int_273.txt
▶️ Running simulation for: compute_int_230
✅ Finished. Results saved to: ./results/pacipv_policy/secret_traces/compute_int_230.txt
▶️ Running simulation for: compute_int_106
✅ Finished. Results saved to: ./results/pacipv_policy/secret_traces/compute_int_106.txt
▶️ Running simulation for: compute_int_36
✅ Finished. Results saved to: ./results/pacipv_policy/secret_traces/compute_int_36.txt
▶️ Running simulation for: compute_int_403
✅ Finished. Results saved to: ./results/pacipv_policy/secret_traces/compute_int_403.txt
▶️ Running simulation for: compute_int_854
✅ Finished. Results saved to: ./results/pacipv_policy/secret_traces/compute_int_854.txt
▶️ Running simulation for: compute_int_443
✅ Finished. Results saved to: ./results/pacipv_policy/secret_traces/compute_int_443.txt
▶️ Running simulation for: compute_int_511
✅ Finished. Results saved to: ./results/pacipv_policy/secret_traces/compute_int_511.txt
▶️ Running simulation for: compute_int_377
✅ Finished. Results saved to: ./results/pacipv_policy/secret_traces/compute_int_377.txt
▶️ Running simulation for: compute_int_867
✅ Finished. Results saved to: ./results/pacipv_policy/secret_traces/compute_int_867.txt
▶️ Running simulation for: compute_int_916
✅ Finished. Results saved to: ./results/pacipv_policy/secret_traces/compute_int_916.txt
▶️ Running simulation for: compute_int_923
✅ Finished. Results saved to: ./results/pacipv_policy/secret_traces/compute_int_923.txt
▶️ Running simulation for: compute_int_562
✅ Finished. Results saved to: ./results/pacipv_policy/secret_traces/compute_int_562.txt
▶️ Running simulation for: compute_int_957
✅ Finished. Results saved to: ./results/pacipv_policy/secret_traces/compute_int_957.txt
▶️ Running simulation for: compute_int_632
✅ Finished. Results saved to: ./results/pacipv_policy/secret_traces/compute_int_632.txt
▶️ Running simulation for: compute_int_712
✅ Finished. Results saved to: ./results/pacipv_policy/secret_traces/compute_int_712.txt
▶️ Running simulation for: compute_int_905
✅ Finished. Results saved to: ./results/pacipv_policy/secret_traces/compute_int_905.txt
▶️ Running simulation for: compute_int_688
✅ Finished. Results saved to: ./results/pacipv_policy/secret_traces/compute_int_688.txt
▶️ Running simulation for: compute_int_613
✅ Finished. Results saved to: ./results/pacipv_policy/secret_traces/compute_int_613.txt
▶️ Running simulation for: compute_int_284
✅ Finished. Results saved to: ./results/pacipv_policy/secret_traces/compute_int_284.txt
▶️ Running simulation for: compute_int_933
✅ Finished. Results saved to: ./results/pacipv_policy/secret_traces/compute_int_933.txt
▶️ Running simulation for: compute_int_850
✅ Finished. Results saved to: ./results/pacipv_policy/secret_traces/compute_int_850.txt
▶️ Running simulation for: compute_int_610
✅ Finished. Results saved to: ./results/pacipv_policy/secret_traces/compute_int_610.txt
▶️ Running simulation for: compute_int_752
✅ Finished. Results saved to: ./results/pacipv_policy/secret_traces/compute_int_752.txt
▶️ Running simulation for: compute_int_280
✅ Finished. Results saved to: ./results/pacipv_policy/secret_traces/compute_int_280.txt
▶️ Running simulation for: compute_int_80
✅ Finished. Results saved to: ./results/pacipv_policy/secret_traces/compute_int_80.txt
▶️ Running simulation for: compute_int_641
✅ Finished. Results saved to: ./results/pacipv_policy/secret_traces/compute_int_641.txt
▶️ Running simulation for: compute_int_173
✅ Finished. Results saved to: ./results/pacipv_policy/secret_traces/compute_int_173.txt
▶️ Running simulation for: compute_int_945
✅ Finished. Results saved to: ./results/pacipv_policy/secret_traces/compute_int_945.txt
▶️ Running simulation for: compute_int_321
✅ Finished. Results saved to: ./results/pacipv_policy/secret_traces/compute_int_321.txt
▶️ Running simulation for: compute_int_17
✅ Finished. Results saved to: ./results/pacipv_policy/secret_traces/compute_int_17.txt
▶️ Running simulation for: compute_int_643
✅ Finished. Results saved to: ./results/pacipv_policy/secret_traces/compute_int_643.txt
▶️ Running simulation for: compute_int_247
✅ Finished. Results saved to: ./results/pacipv_policy/secret_traces/compute_int_247.txt
▶️ Running simulation for: compute_int_210
✅ Finished. Results saved to: ./results/pacipv_policy/secret_traces/compute_int_210.txt
▶️ Running simulation for: compute_int_765
✅ Finished. Results saved to: ./results/pacipv_policy/secret_traces/compute_int_765.txt
▶️ Running simulation for: compute_int_888
✅ Finished. Results saved to: ./results/pacipv_policy/secret_traces/compute_int_888.txt
▶️ Running simulation for: compute_int_569
✅ Finished. Results saved to: ./results/pacipv_policy/secret_traces/compute_int_569.txt
▶️ Running simulation for: compute_int_507
✅ Finished. Results saved to: ./results/pacipv_policy/secret_traces/compute_int_507.txt
▶️ Running simulation for: compute_int_139
✅ Finished. Results saved to: ./results/pacipv_policy/secret_traces/compute_int_139.txt
▶️ Running simulation for: compute_int_604
✅ Finished. Results saved to: ./results/pacipv_policy/secret_traces/compute_int_604.txt
▶️ Running simulation for: compute_int_540
✅ Finished. Results saved to: ./results/pacipv_policy/secret_traces/compute_int_540.txt
▶️ Running simulation for: compute_int_556
✅ Finished. Results saved to: ./results/pacipv_policy/secret_traces/compute_int_556.txt
▶️ Running simulation for: compute_int_6
✅ Finished. Results saved to: ./results/pacipv_policy/secret_traces/compute_int_6.txt
▶️ Running simulation for: compute_int_917
✅ Finished. Results saved to: ./results/pacipv_policy/secret_traces/compute_int_917.txt
▶️ Running simulation for: compute_int_900
✅ Finished. Results saved to: ./results/pacipv_policy/secret_traces/compute_int_900.txt
▶️ Running simulation for: compute_int_209
✅ Finished. Results saved to: ./results/pacipv_policy/secret_traces/compute_int_209.txt
▶️ Running simulation for: compute_int_622
✅ Finished. Results saved to: ./results/pacipv_policy/secret_traces/compute_int_622.txt
▶️ Running simulation for: compute_int_486
✅ Finished. Results saved to: ./results/pacipv_policy/secret_traces/compute_int_486.txt
▶️ Running simulation for: compute_int_135
✅ Finished. Results saved to: ./results/pacipv_policy/secret_traces/compute_int_135.txt
▶️ Running simulation for: compute_int_451
✅ Finished. Results saved to: ./results/pacipv_policy/secret_traces/compute_int_451.txt
▶️ Running simulation for: compute_int_239
✅ Finished. Results saved to: ./results/pacipv_policy/secret_traces/compute_int_239.txt
▶️ Running simulation for: compute_int_456
✅ Finished. Results saved to: ./results/pacipv_policy/secret_traces/compute_int_456.txt
▶️ Running simulation for: compute_int_448
✅ Finished. Results saved to: ./results/pacipv_policy/secret_traces/compute_int_448.txt
▶️ Running simulation for: compute_int_112
✅ Finished. Results saved to: ./results/pacipv_policy/secret_traces/compute_int_112.txt
▶️ Running simulation for: compute_int_497
✅ Finished. Results saved to: ./results/pacipv_policy/secret_traces/compute_int_497.txt
⚠️ Warning: Could not determine folder for ''. Skipping.
⚠️ Warning: Could not determine folder for '## Selecting 17 traces from: compute_fp ##'. Skipping.
▶️ Running simulation for: compute_fp_42
✅ Finished. Results saved to: ./results/pacipv_policy/secret_traces/compute_fp_42.txt
▶️ Running simulation for: compute_fp_13
✅ Finished. Results saved to: ./results/pacipv_policy/secret_traces/compute_fp_13.txt
▶️ Running simulation for: compute_fp_2
✅ Finished. Results saved to: ./results/pacipv_policy/secret_traces/compute_fp_2.txt
▶️ Running simulation for: compute_fp_37
✅ Finished. Results saved to: ./results/pacipv_policy/secret_traces/compute_fp_37.txt
▶️ Running simulation for: compute_fp_138
✅ Finished. Results saved to: ./results/pacipv_policy/secret_traces/compute_fp_138.txt
▶️ Running simulation for: compute_fp_3
✅ Finished. Results saved to: ./results/pacipv_policy/secret_traces/compute_fp_3.txt
▶️ Running simulation for: compute_fp_24
✅ Finished. Results saved to: ./results/pacipv_policy/secret_traces/compute_fp_24.txt
▶️ Running simulation for: compute_fp_43
✅ Finished. Results saved to: ./results/pacipv_policy/secret_traces/compute_fp_43.txt
▶️ Running simulation for: compute_fp_64
✅ Finished. Results saved to: ./results/pacipv_policy/secret_traces/compute_fp_64.txt
▶️ Running simulation for: compute_fp_112
✅ Finished. Results saved to: ./results/pacipv_policy/secret_traces/compute_fp_112.txt
▶️ Running simulation for: compute_fp_109
✅ Finished. Results saved to: ./results/pacipv_policy/secret_traces/compute_fp_109.txt
▶️ Running simulation for: compute_fp_57
✅ Finished. Results saved to: ./results/pacipv_policy/secret_traces/compute_fp_57.txt
▶️ Running simulation for: compute_fp_11
✅ Finished. Results saved to: ./results/pacipv_policy/secret_traces/compute_fp_11.txt
▶️ Running simulation for: compute_fp_60
✅ Finished. Results saved to: ./results/pacipv_policy/secret_traces/compute_fp_60.txt
▶️ Running simulation for: compute_fp_10
✅ Finished. Results saved to: ./results/pacipv_policy/secret_traces/compute_fp_10.txt
▶️ Running simulation for: compute_fp_94
✅ Finished. Results saved to: ./results/pacipv_policy/secret_traces/compute_fp_94.txt
▶️ Running simulation for: compute_fp_103
✅ Finished. Results saved to: ./results/pacipv_policy/secret_traces/compute_fp_103.txt
⚠️ Warning: Could not determine folder for ''. Skipping.
⚠️ Warning: Could not determine folder for '## Selecting 13 traces from: crypto ##'. Skipping.
▶️ Running simulation for: crypto49
✅ Finished. Results saved to: ./results/pacipv_policy/secret_traces/crypto49.txt
▶️ Running simulation for: crypto34
✅ Finished. Results saved to: ./results/pacipv_policy/secret_traces/crypto34.txt
▶️ Running simulation for: crypto52
✅ Finished. Results saved to: ./results/pacipv_policy/secret_traces/crypto52.txt
▶️ Running simulation for: crypto68
✅ Finished. Results saved to: ./results/pacipv_policy/secret_traces/crypto68.txt
▶️ Running simulation for: crypto93
✅ Finished. Results saved to: ./results/pacipv_policy/secret_traces/crypto93.txt
▶️ Running simulation for: crypto23
✅ Finished. Results saved to: ./results/pacipv_policy/secret_traces/crypto23.txt
▶️ Running simulation for: crypto95
✅ Finished. Results saved to: ./results/pacipv_policy/secret_traces/crypto95.txt
▶️ Running simulation for: crypto7
✅ Finished. Results saved to: ./results/pacipv_policy/secret_traces/crypto7.txt
▶️ Running simulation for: crypto15
✅ Finished. Results saved to: ./results/pacipv_policy/secret_traces/crypto15.txt
▶️ Running simulation for: crypto45
✅ Finished. Results saved to: ./results/pacipv_policy/secret_traces/crypto45.txt
▶️ Running simulation for: crypto21
✅ Finished. Results saved to: ./results/pacipv_policy/secret_traces/crypto21.txt
▶️ Running simulation for: crypto89
✅ Finished. Results saved to: ./results/pacipv_policy/secret_traces/crypto89.txt
▶️ Running simulation for: crypto27
✅ Finished. Results saved to: ./results/pacipv_policy/secret_traces/crypto27.txt
⚠️ Warning: Could not determine folder for '--------------------------------'. Skipping.
⚠️ Warning: Could not determine folder for 'Selection complete.'. Skipping.

🎉 All simulations are complete!
