nohup: ignoring input
🚀 Starting ChampSim simulation script...
📁 Creating output directory: ./results/lru_policy

=================================================
Processing trace set: compute_int
=================================================
▶️ Running simulation for: compute_int_0
✅ Finished. Results saved to: ./results/lru_policy/compute_int_0.txt
▶️ Running simulation for: compute_int_10
✅ Finished. Results saved to: ./results/lru_policy/compute_int_10.txt
▶️ Running simulation for: compute_int_11
✅ Finished. Results saved to: ./results/lru_policy/compute_int_11.txt
▶️ Running simulation for: compute_int_12
✅ Finished. Results saved to: ./results/lru_policy/compute_int_12.txt
▶️ Running simulation for: compute_int_13
✅ Finished. Results saved to: ./results/lru_policy/compute_int_13.txt
▶️ Running simulation for: compute_int_14
✅ Finished. Results saved to: ./results/lru_policy/compute_int_14.txt
▶️ Running simulation for: compute_int_15
✅ Finished. Results saved to: ./results/lru_policy/compute_int_15.txt
▶️ Running simulation for: compute_int_16
✅ Finished. Results saved to: ./results/lru_policy/compute_int_16.txt
▶️ Running simulation for: compute_int_18
✅ Finished. Results saved to: ./results/lru_policy/compute_int_18.txt
▶️ Running simulation for: compute_int_19
✅ Finished. Results saved to: ./results/lru_policy/compute_int_19.txt
▶️ Running simulation for: compute_int_1
✅ Finished. Results saved to: ./results/lru_policy/compute_int_1.txt
▶️ Running simulation for: compute_int_21
✅ Finished. Results saved to: ./results/lru_policy/compute_int_21.txt
▶️ Running simulation for: compute_int_22
✅ Finished. Results saved to: ./results/lru_policy/compute_int_22.txt
▶️ Running simulation for: compute_int_23
✅ Finished. Results saved to: ./results/lru_policy/compute_int_23.txt
▶️ Running simulation for: compute_int_24
✅ Finished. Results saved to: ./results/lru_policy/compute_int_24.txt
▶️ Running simulation for: compute_int_25
✅ Finished. Results saved to: ./results/lru_policy/compute_int_25.txt
▶️ Running simulation for: compute_int_26
✅ Finished. Results saved to: ./results/lru_policy/compute_int_26.txt
▶️ Running simulation for: compute_int_27
✅ Finished. Results saved to: ./results/lru_policy/compute_int_27.txt
▶️ Running simulation for: compute_int_28
✅ Finished. Results saved to: ./results/lru_policy/compute_int_28.txt
▶️ Running simulation for: compute_int_29
✅ Finished. Results saved to: ./results/lru_policy/compute_int_29.txt
▶️ Running simulation for: compute_int_2
✅ Finished. Results saved to: ./results/lru_policy/compute_int_2.txt
▶️ Running simulation for: compute_int_31
✅ Finished. Results saved to: ./results/lru_policy/compute_int_31.txt
▶️ Running simulation for: compute_int_32
✅ Finished. Results saved to: ./results/lru_policy/compute_int_32.txt
▶️ Running simulation for: compute_int_33
✅ Finished. Results saved to: ./results/lru_policy/compute_int_33.txt
▶️ Running simulation for: compute_int_34
✅ Finished. Results saved to: ./results/lru_policy/compute_int_34.txt
▶️ Running simulation for: compute_int_35
✅ Finished. Results saved to: ./results/lru_policy/compute_int_35.txt
▶️ Running simulation for: compute_int_36
✅ Finished. Results saved to: ./results/lru_policy/compute_int_36.txt
▶️ Running simulation for: compute_int_37
✅ Finished. Results saved to: ./results/lru_policy/compute_int_37.txt
▶️ Running simulation for: compute_int_38
✅ Finished. Results saved to: ./results/lru_policy/compute_int_38.txt
▶️ Running simulation for: compute_int_39
✅ Finished. Results saved to: ./results/lru_policy/compute_int_39.txt
▶️ Running simulation for: compute_int_3
✅ Finished. Results saved to: ./results/lru_policy/compute_int_3.txt
▶️ Running simulation for: compute_int_40
✅ Finished. Results saved to: ./results/lru_policy/compute_int_40.txt
▶️ Running simulation for: compute_int_41
✅ Finished. Results saved to: ./results/lru_policy/compute_int_41.txt
▶️ Running simulation for: compute_int_42
✅ Finished. Results saved to: ./results/lru_policy/compute_int_42.txt
▶️ Running simulation for: compute_int_43
✅ Finished. Results saved to: ./results/lru_policy/compute_int_43.txt
▶️ Running simulation for: compute_int_44
✅ Finished. Results saved to: ./results/lru_policy/compute_int_44.txt
▶️ Running simulation for: compute_int_45
✅ Finished. Results saved to: ./results/lru_policy/compute_int_45.txt
▶️ Running simulation for: compute_int_46
✅ Finished. Results saved to: ./results/lru_policy/compute_int_46.txt
▶️ Running simulation for: compute_int_5
✅ Finished. Results saved to: ./results/lru_policy/compute_int_5.txt
▶️ Running simulation for: compute_int_6
✅ Finished. Results saved to: ./results/lru_policy/compute_int_6.txt
▶️ Running simulation for: compute_int_7
✅ Finished. Results saved to: ./results/lru_policy/compute_int_7.txt
▶️ Running simulation for: compute_int_8
✅ Finished. Results saved to: ./results/lru_policy/compute_int_8.txt
▶️ Running simulation for: compute_int_9
✅ Finished. Results saved to: ./results/lru_policy/compute_int_9.txt

=================================================
Processing trace set: compute_fp
=================================================
▶️ Running simulation for: compute_fp_10
✅ Finished. Results saved to: ./results/lru_policy/compute_fp_10.txt
▶️ Running simulation for: compute_fp_11
✅ Finished. Results saved to: ./results/lru_policy/compute_fp_11.txt
▶️ Running simulation for: compute_fp_12
✅ Finished. Results saved to: ./results/lru_policy/compute_fp_12.txt
▶️ Running simulation for: compute_fp_13
✅ Finished. Results saved to: ./results/lru_policy/compute_fp_13.txt
▶️ Running simulation for: compute_fp_1
✅ Finished. Results saved to: ./results/lru_policy/compute_fp_1.txt
▶️ Running simulation for: compute_fp_2
✅ Finished. Results saved to: ./results/lru_policy/compute_fp_2.txt
▶️ Running simulation for: compute_fp_3
✅ Finished. Results saved to: ./results/lru_policy/compute_fp_3.txt
▶️ Running simulation for: compute_fp_4
✅ Finished. Results saved to: ./results/lru_policy/compute_fp_4.txt
▶️ Running simulation for: compute_fp_5
✅ Finished. Results saved to: ./results/lru_policy/compute_fp_5.txt
▶️ Running simulation for: compute_fp_6
✅ Finished. Results saved to: ./results/lru_policy/compute_fp_6.txt
▶️ Running simulation for: compute_fp_7
✅ Finished. Results saved to: ./results/lru_policy/compute_fp_7.txt
▶️ Running simulation for: compute_fp_8
✅ Finished. Results saved to: ./results/lru_policy/compute_fp_8.txt
▶️ Running simulation for: compute_fp_9
✅ Finished. Results saved to: ./results/lru_policy/compute_fp_9.txt
▶️ Running simulation for: compute_int_17
✅ Finished. Results saved to: ./results/lru_policy/compute_int_17.txt
▶️ Running simulation for: compute_int_4
✅ Finished. Results saved to: ./results/lru_policy/compute_int_4.txt

=================================================
Processing trace set: srv
=================================================
▶️ Running simulation for: srv_0
✅ Finished. Results saved to: ./results/lru_policy/srv_0.txt
▶️ Running simulation for: srv_10
✅ Finished. Results saved to: ./results/lru_policy/srv_10.txt
▶️ Running simulation for: srv_11
✅ Finished. Results saved to: ./results/lru_policy/srv_11.txt
▶️ Running simulation for: srv_12
✅ Finished. Results saved to: ./results/lru_policy/srv_12.txt
▶️ Running simulation for: srv_13
✅ Finished. Results saved to: ./results/lru_policy/srv_13.txt
▶️ Running simulation for: srv_14
✅ Finished. Results saved to: ./results/lru_policy/srv_14.txt
▶️ Running simulation for: srv_15
✅ Finished. Results saved to: ./results/lru_policy/srv_15.txt
▶️ Running simulation for: srv_16
✅ Finished. Results saved to: ./results/lru_policy/srv_16.txt
▶️ Running simulation for: srv_17
✅ Finished. Results saved to: ./results/lru_policy/srv_17.txt
▶️ Running simulation for: srv_18
✅ Finished. Results saved to: ./results/lru_policy/srv_18.txt
▶️ Running simulation for: srv_19
✅ Finished. Results saved to: ./results/lru_policy/srv_19.txt
▶️ Running simulation for: srv_1
✅ Finished. Results saved to: ./results/lru_policy/srv_1.txt
▶️ Running simulation for: srv_20
✅ Finished. Results saved to: ./results/lru_policy/srv_20.txt
▶️ Running simulation for: srv_21
✅ Finished. Results saved to: ./results/lru_policy/srv_21.txt
▶️ Running simulation for: srv_22
✅ Finished. Results saved to: ./results/lru_policy/srv_22.txt
▶️ Running simulation for: srv_23
✅ Finished. Results saved to: ./results/lru_policy/srv_23.txt
▶️ Running simulation for: srv_24
✅ Finished. Results saved to: ./results/lru_policy/srv_24.txt
▶️ Running simulation for: srv_25
✅ Finished. Results saved to: ./results/lru_policy/srv_25.txt
▶️ Running simulation for: srv_26
✅ Finished. Results saved to: ./results/lru_policy/srv_26.txt
▶️ Running simulation for: srv_27
✅ Finished. Results saved to: ./results/lru_policy/srv_27.txt
▶️ Running simulation for: srv_28
✅ Finished. Results saved to: ./results/lru_policy/srv_28.txt
▶️ Running simulation for: srv_29
✅ Finished. Results saved to: ./results/lru_policy/srv_29.txt
▶️ Running simulation for: srv_2
✅ Finished. Results saved to: ./results/lru_policy/srv_2.txt
▶️ Running simulation for: srv_30
✅ Finished. Results saved to: ./results/lru_policy/srv_30.txt
▶️ Running simulation for: srv_31
✅ Finished. Results saved to: ./results/lru_policy/srv_31.txt
▶️ Running simulation for: srv_32
✅ Finished. Results saved to: ./results/lru_policy/srv_32.txt
▶️ Running simulation for: srv_33
✅ Finished. Results saved to: ./results/lru_policy/srv_33.txt
▶️ Running simulation for: srv_34
✅ Finished. Results saved to: ./results/lru_policy/srv_34.txt
▶️ Running simulation for: srv_35
✅ Finished. Results saved to: ./results/lru_policy/srv_35.txt
▶️ Running simulation for: srv_36
✅ Finished. Results saved to: ./results/lru_policy/srv_36.txt
▶️ Running simulation for: srv_37
✅ Finished. Results saved to: ./results/lru_policy/srv_37.txt
▶️ Running simulation for: srv_38
✅ Finished. Results saved to: ./results/lru_policy/srv_38.txt
▶️ Running simulation for: srv_39
✅ Finished. Results saved to: ./results/lru_policy/srv_39.txt
▶️ Running simulation for: srv_3
✅ Finished. Results saved to: ./results/lru_policy/srv_3.txt
▶️ Running simulation for: srv_40
✅ Finished. Results saved to: ./results/lru_policy/srv_40.txt
▶️ Running simulation for: srv_41
✅ Finished. Results saved to: ./results/lru_policy/srv_41.txt
▶️ Running simulation for: srv_42
✅ Finished. Results saved to: ./results/lru_policy/srv_42.txt
▶️ Running simulation for: srv_43
✅ Finished. Results saved to: ./results/lru_policy/srv_43.txt
▶️ Running simulation for: srv_44
✅ Finished. Results saved to: ./results/lru_policy/srv_44.txt
▶️ Running simulation for: srv_45
✅ Finished. Results saved to: ./results/lru_policy/srv_45.txt
▶️ Running simulation for: srv_46
✅ Finished. Results saved to: ./results/lru_policy/srv_46.txt
▶️ Running simulation for: srv_47
✅ Finished. Results saved to: ./results/lru_policy/srv_47.txt
▶️ Running simulation for: srv_48
✅ Finished. Results saved to: ./results/lru_policy/srv_48.txt
▶️ Running simulation for: srv_49
✅ Finished. Results saved to: ./results/lru_policy/srv_49.txt
▶️ Running simulation for: srv_4
✅ Finished. Results saved to: ./results/lru_policy/srv_4.txt
▶️ Running simulation for: srv_50
✅ Finished. Results saved to: ./results/lru_policy/srv_50.txt
▶️ Running simulation for: srv_51
✅ Finished. Results saved to: ./results/lru_policy/srv_51.txt
▶️ Running simulation for: srv_52
✅ Finished. Results saved to: ./results/lru_policy/srv_52.txt
▶️ Running simulation for: srv_53
✅ Finished. Results saved to: ./results/lru_policy/srv_53.txt
▶️ Running simulation for: srv_54
✅ Finished. Results saved to: ./results/lru_policy/srv_54.txt
▶️ Running simulation for: srv_55
✅ Finished. Results saved to: ./results/lru_policy/srv_55.txt
▶️ Running simulation for: srv_56
✅ Finished. Results saved to: ./results/lru_policy/srv_56.txt
▶️ Running simulation for: srv_57
✅ Finished. Results saved to: ./results/lru_policy/srv_57.txt
▶️ Running simulation for: srv_58
✅ Finished. Results saved to: ./results/lru_policy/srv_58.txt
▶️ Running simulation for: srv_59
✅ Finished. Results saved to: ./results/lru_policy/srv_59.txt
▶️ Running simulation for: srv_5
✅ Finished. Results saved to: ./results/lru_policy/srv_5.txt
▶️ Running simulation for: srv_60
✅ Finished. Results saved to: ./results/lru_policy/srv_60.txt
▶️ Running simulation for: srv_61
✅ Finished. Results saved to: ./results/lru_policy/srv_61.txt
▶️ Running simulation for: srv_62
✅ Finished. Results saved to: ./results/lru_policy/srv_62.txt
▶️ Running simulation for: srv_63
✅ Finished. Results saved to: ./results/lru_policy/srv_63.txt
▶️ Running simulation for: srv_64
✅ Finished. Results saved to: ./results/lru_policy/srv_64.txt
▶️ Running simulation for: srv_65
✅ Finished. Results saved to: ./results/lru_policy/srv_65.txt
▶️ Running simulation for: srv_66
✅ Finished. Results saved to: ./results/lru_policy/srv_66.txt
▶️ Running simulation for: srv_67
✅ Finished. Results saved to: ./results/lru_policy/srv_67.txt
▶️ Running simulation for: srv_68
✅ Finished. Results saved to: ./results/lru_policy/srv_68.txt
▶️ Running simulation for: srv_69
✅ Finished. Results saved to: ./results/lru_policy/srv_69.txt
▶️ Running simulation for: srv_6
✅ Finished. Results saved to: ./results/lru_policy/srv_6.txt
▶️ Running simulation for: srv_70
✅ Finished. Results saved to: ./results/lru_policy/srv_70.txt
▶️ Running simulation for: srv_71
✅ Finished. Results saved to: ./results/lru_policy/srv_71.txt
▶️ Running simulation for: srv_72
✅ Finished. Results saved to: ./results/lru_policy/srv_72.txt
▶️ Running simulation for: srv_73
✅ Finished. Results saved to: ./results/lru_policy/srv_73.txt
▶️ Running simulation for: srv_74
✅ Finished. Results saved to: ./results/lru_policy/srv_74.txt
▶️ Running simulation for: srv_75
✅ Finished. Results saved to: ./results/lru_policy/srv_75.txt
▶️ Running simulation for: srv_76
✅ Finished. Results saved to: ./results/lru_policy/srv_76.txt
▶️ Running simulation for: srv_7
✅ Finished. Results saved to: ./results/lru_policy/srv_7.txt
▶️ Running simulation for: srv_8
✅ Finished. Results saved to: ./results/lru_policy/srv_8.txt
▶️ Running simulation for: srv_9
✅ Finished. Results saved to: ./results/lru_policy/srv_9.txt

🎉 All simulations are complete!
