nohup: ignoring input
🚀 Starting ChampSim simulation script...
📁 Creating base output directory: ./results/duel_policy/public_traces/

=================================================
Processing trace set: compute_int
=================================================
📁 Creating output directory for compute_int: ./results/duel_policy/public_traces//compute_int
▶️ Running simulation for: compute_int_0
✅ Finished duel_ipv simulation. Results saved to: ./results/duel_policy/public_traces//compute_int/compute_int_0.txt
▶️ Running simulation for: compute_int_10
✅ Finished duel_ipv simulation. Results saved to: ./results/duel_policy/public_traces//compute_int/compute_int_10.txt
▶️ Running simulation for: compute_int_11
✅ Finished duel_ipv simulation. Results saved to: ./results/duel_policy/public_traces//compute_int/compute_int_11.txt
▶️ Running simulation for: compute_int_12
✅ Finished duel_ipv simulation. Results saved to: ./results/duel_policy/public_traces//compute_int/compute_int_12.txt
▶️ Running simulation for: compute_int_13
✅ Finished duel_ipv simulation. Results saved to: ./results/duel_policy/public_traces//compute_int/compute_int_13.txt
▶️ Running simulation for: compute_int_14
✅ Finished duel_ipv simulation. Results saved to: ./results/duel_policy/public_traces//compute_int/compute_int_14.txt
▶️ Running simulation for: compute_int_15
✅ Finished duel_ipv simulation. Results saved to: ./results/duel_policy/public_traces//compute_int/compute_int_15.txt
▶️ Running simulation for: compute_int_16
✅ Finished duel_ipv simulation. Results saved to: ./results/duel_policy/public_traces//compute_int/compute_int_16.txt
▶️ Running simulation for: compute_int_17
✅ Finished duel_ipv simulation. Results saved to: ./results/duel_policy/public_traces//compute_int/compute_int_17.txt
▶️ Running simulation for: compute_int_18
✅ Finished duel_ipv simulation. Results saved to: ./results/duel_policy/public_traces//compute_int/compute_int_18.txt
▶️ Running simulation for: compute_int_19
✅ Finished duel_ipv simulation. Results saved to: ./results/duel_policy/public_traces//compute_int/compute_int_19.txt
▶️ Running simulation for: compute_int_1
✅ Finished duel_ipv simulation. Results saved to: ./results/duel_policy/public_traces//compute_int/compute_int_1.txt
▶️ Running simulation for: compute_int_21
✅ Finished duel_ipv simulation. Results saved to: ./results/duel_policy/public_traces//compute_int/compute_int_21.txt
▶️ Running simulation for: compute_int_22
✅ Finished duel_ipv simulation. Results saved to: ./results/duel_policy/public_traces//compute_int/compute_int_22.txt
▶️ Running simulation for: compute_int_23
./run_public_duel.sh: line 48: 118059 Aborted                 (core dumped) env LLC_IPV_INSTR="1_2_2_1_4#1_2_1_1_4" LLC_IPV_DATA="1_1_1_2_4#1_1_2_2_4" "$CHAMPSIM_BIN" --warmup-instructions "$WARMUP_INST" --simulation-instructions "$SIM_INST" "$trace_file" > "$output_file" 2>&1
✅ Finished duel_ipv simulation. Results saved to: ./results/duel_policy/public_traces//compute_int/compute_int_23.txt
▶️ Running simulation for: compute_int_24
✅ Finished duel_ipv simulation. Results saved to: ./results/duel_policy/public_traces//compute_int/compute_int_24.txt
▶️ Running simulation for: compute_int_25
✅ Finished duel_ipv simulation. Results saved to: ./results/duel_policy/public_traces//compute_int/compute_int_25.txt
▶️ Running simulation for: compute_int_26
✅ Finished duel_ipv simulation. Results saved to: ./results/duel_policy/public_traces//compute_int/compute_int_26.txt
▶️ Running simulation for: compute_int_27
✅ Finished duel_ipv simulation. Results saved to: ./results/duel_policy/public_traces//compute_int/compute_int_27.txt
▶️ Running simulation for: compute_int_28
✅ Finished duel_ipv simulation. Results saved to: ./results/duel_policy/public_traces//compute_int/compute_int_28.txt
▶️ Running simulation for: compute_int_29
✅ Finished duel_ipv simulation. Results saved to: ./results/duel_policy/public_traces//compute_int/compute_int_29.txt
▶️ Running simulation for: compute_int_2
✅ Finished duel_ipv simulation. Results saved to: ./results/duel_policy/public_traces//compute_int/compute_int_2.txt
▶️ Running simulation for: compute_int_31
✅ Finished duel_ipv simulation. Results saved to: ./results/duel_policy/public_traces//compute_int/compute_int_31.txt
▶️ Running simulation for: compute_int_32
✅ Finished duel_ipv simulation. Results saved to: ./results/duel_policy/public_traces//compute_int/compute_int_32.txt
▶️ Running simulation for: compute_int_33
✅ Finished duel_ipv simulation. Results saved to: ./results/duel_policy/public_traces//compute_int/compute_int_33.txt
▶️ Running simulation for: compute_int_34
✅ Finished duel_ipv simulation. Results saved to: ./results/duel_policy/public_traces//compute_int/compute_int_34.txt
▶️ Running simulation for: compute_int_35
✅ Finished duel_ipv simulation. Results saved to: ./results/duel_policy/public_traces//compute_int/compute_int_35.txt
▶️ Running simulation for: compute_int_36
✅ Finished duel_ipv simulation. Results saved to: ./results/duel_policy/public_traces//compute_int/compute_int_36.txt
▶️ Running simulation for: compute_int_37
✅ Finished duel_ipv simulation. Results saved to: ./results/duel_policy/public_traces//compute_int/compute_int_37.txt
▶️ Running simulation for: compute_int_38
✅ Finished duel_ipv simulation. Results saved to: ./results/duel_policy/public_traces//compute_int/compute_int_38.txt
▶️ Running simulation for: compute_int_39
✅ Finished duel_ipv simulation. Results saved to: ./results/duel_policy/public_traces//compute_int/compute_int_39.txt
▶️ Running simulation for: compute_int_3
✅ Finished duel_ipv simulation. Results saved to: ./results/duel_policy/public_traces//compute_int/compute_int_3.txt
▶️ Running simulation for: compute_int_40
✅ Finished duel_ipv simulation. Results saved to: ./results/duel_policy/public_traces//compute_int/compute_int_40.txt
▶️ Running simulation for: compute_int_41
✅ Finished duel_ipv simulation. Results saved to: ./results/duel_policy/public_traces//compute_int/compute_int_41.txt
▶️ Running simulation for: compute_int_42
✅ Finished duel_ipv simulation. Results saved to: ./results/duel_policy/public_traces//compute_int/compute_int_42.txt
▶️ Running simulation for: compute_int_43
✅ Finished duel_ipv simulation. Results saved to: ./results/duel_policy/public_traces//compute_int/compute_int_43.txt
▶️ Running simulation for: compute_int_44
✅ Finished duel_ipv simulation. Results saved to: ./results/duel_policy/public_traces//compute_int/compute_int_44.txt
▶️ Running simulation for: compute_int_45
✅ Finished duel_ipv simulation. Results saved to: ./results/duel_policy/public_traces//compute_int/compute_int_45.txt
▶️ Running simulation for: compute_int_46
✅ Finished duel_ipv simulation. Results saved to: ./results/duel_policy/public_traces//compute_int/compute_int_46.txt
▶️ Running simulation for: compute_int_4
✅ Finished duel_ipv simulation. Results saved to: ./results/duel_policy/public_traces//compute_int/compute_int_4.txt
▶️ Running simulation for: compute_int_5
✅ Finished duel_ipv simulation. Results saved to: ./results/duel_policy/public_traces//compute_int/compute_int_5.txt
▶️ Running simulation for: compute_int_6
✅ Finished duel_ipv simulation. Results saved to: ./results/duel_policy/public_traces//compute_int/compute_int_6.txt
▶️ Running simulation for: compute_int_7
✅ Finished duel_ipv simulation. Results saved to: ./results/duel_policy/public_traces//compute_int/compute_int_7.txt
▶️ Running simulation for: compute_int_8
✅ Finished duel_ipv simulation. Results saved to: ./results/duel_policy/public_traces//compute_int/compute_int_8.txt
▶️ Running simulation for: compute_int_9
✅ Finished duel_ipv simulation. Results saved to: ./results/duel_policy/public_traces//compute_int/compute_int_9.txt

🎉 All simulations are complete!
