nohup: ignoring input
🚀 Starting ChampSim simulation script...
📁 Creating base output directory: ./results/duel_policy/secret_traces/

=================================================
Processing trace set: crypto
=================================================
📁 Creating output directory for crypto: ./results/duel_policy/secret_traces//crypto
▶️ Running simulation for: crypto0
✅ Finished duel_ipv simulation. Results saved to: ./results/duel_policy/secret_traces//crypto/crypto0.txt
▶️ Running simulation for: crypto100
✅ Finished duel_ipv simulation. Results saved to: ./results/duel_policy/secret_traces//crypto/crypto100.txt
▶️ Running simulation for: crypto101
✅ Finished duel_ipv simulation. Results saved to: ./results/duel_policy/secret_traces//crypto/crypto101.txt
▶️ Running simulation for: crypto102
✅ Finished duel_ipv simulation. Results saved to: ./results/duel_policy/secret_traces//crypto/crypto102.txt
▶️ Running simulation for: crypto103
✅ Finished duel_ipv simulation. Results saved to: ./results/duel_policy/secret_traces//crypto/crypto103.txt
▶️ Running simulation for: crypto104
✅ Finished duel_ipv simulation. Results saved to: ./results/duel_policy/secret_traces//crypto/crypto104.txt
▶️ Running simulation for: crypto105
✅ Finished duel_ipv simulation. Results saved to: ./results/duel_policy/secret_traces//crypto/crypto105.txt
▶️ Running simulation for: crypto10
✅ Finished duel_ipv simulation. Results saved to: ./results/duel_policy/secret_traces//crypto/crypto10.txt
▶️ Running simulation for: crypto11
✅ Finished duel_ipv simulation. Results saved to: ./results/duel_policy/secret_traces//crypto/crypto11.txt
▶️ Running simulation for: crypto12
✅ Finished duel_ipv simulation. Results saved to: ./results/duel_policy/secret_traces//crypto/crypto12.txt
▶️ Running simulation for: crypto13
✅ Finished duel_ipv simulation. Results saved to: ./results/duel_policy/secret_traces//crypto/crypto13.txt
▶️ Running simulation for: crypto14
✅ Finished duel_ipv simulation. Results saved to: ./results/duel_policy/secret_traces//crypto/crypto14.txt
▶️ Running simulation for: crypto15
✅ Finished duel_ipv simulation. Results saved to: ./results/duel_policy/secret_traces//crypto/crypto15.txt
▶️ Running simulation for: crypto16
✅ Finished duel_ipv simulation. Results saved to: ./results/duel_policy/secret_traces//crypto/crypto16.txt
▶️ Running simulation for: crypto17
✅ Finished duel_ipv simulation. Results saved to: ./results/duel_policy/secret_traces//crypto/crypto17.txt
▶️ Running simulation for: crypto18
✅ Finished duel_ipv simulation. Results saved to: ./results/duel_policy/secret_traces//crypto/crypto18.txt
▶️ Running simulation for: crypto19
✅ Finished duel_ipv simulation. Results saved to: ./results/duel_policy/secret_traces//crypto/crypto19.txt
▶️ Running simulation for: crypto1
✅ Finished duel_ipv simulation. Results saved to: ./results/duel_policy/secret_traces//crypto/crypto1.txt
▶️ Running simulation for: crypto20
✅ Finished duel_ipv simulation. Results saved to: ./results/duel_policy/secret_traces//crypto/crypto20.txt
▶️ Running simulation for: crypto21
✅ Finished duel_ipv simulation. Results saved to: ./results/duel_policy/secret_traces//crypto/crypto21.txt
▶️ Running simulation for: crypto22
✅ Finished duel_ipv simulation. Results saved to: ./results/duel_policy/secret_traces//crypto/crypto22.txt
▶️ Running simulation for: crypto23
✅ Finished duel_ipv simulation. Results saved to: ./results/duel_policy/secret_traces//crypto/crypto23.txt
▶️ Running simulation for: crypto24
✅ Finished duel_ipv simulation. Results saved to: ./results/duel_policy/secret_traces//crypto/crypto24.txt
▶️ Running simulation for: crypto25
✅ Finished duel_ipv simulation. Results saved to: ./results/duel_policy/secret_traces//crypto/crypto25.txt
▶️ Running simulation for: crypto26
✅ Finished duel_ipv simulation. Results saved to: ./results/duel_policy/secret_traces//crypto/crypto26.txt
▶️ Running simulation for: crypto27
✅ Finished duel_ipv simulation. Results saved to: ./results/duel_policy/secret_traces//crypto/crypto27.txt
▶️ Running simulation for: crypto28
✅ Finished duel_ipv simulation. Results saved to: ./results/duel_policy/secret_traces//crypto/crypto28.txt
▶️ Running simulation for: crypto29
✅ Finished duel_ipv simulation. Results saved to: ./results/duel_policy/secret_traces//crypto/crypto29.txt
▶️ Running simulation for: crypto2
✅ Finished duel_ipv simulation. Results saved to: ./results/duel_policy/secret_traces//crypto/crypto2.txt
▶️ Running simulation for: crypto30
✅ Finished duel_ipv simulation. Results saved to: ./results/duel_policy/secret_traces//crypto/crypto30.txt
▶️ Running simulation for: crypto31
✅ Finished duel_ipv simulation. Results saved to: ./results/duel_policy/secret_traces//crypto/crypto31.txt
▶️ Running simulation for: crypto32
✅ Finished duel_ipv simulation. Results saved to: ./results/duel_policy/secret_traces//crypto/crypto32.txt
▶️ Running simulation for: crypto33
✅ Finished duel_ipv simulation. Results saved to: ./results/duel_policy/secret_traces//crypto/crypto33.txt
▶️ Running simulation for: crypto34
✅ Finished duel_ipv simulation. Results saved to: ./results/duel_policy/secret_traces//crypto/crypto34.txt
▶️ Running simulation for: crypto35
✅ Finished duel_ipv simulation. Results saved to: ./results/duel_policy/secret_traces//crypto/crypto35.txt
▶️ Running simulation for: crypto36
✅ Finished duel_ipv simulation. Results saved to: ./results/duel_policy/secret_traces//crypto/crypto36.txt
▶️ Running simulation for: crypto37
✅ Finished duel_ipv simulation. Results saved to: ./results/duel_policy/secret_traces//crypto/crypto37.txt
▶️ Running simulation for: crypto38
✅ Finished duel_ipv simulation. Results saved to: ./results/duel_policy/secret_traces//crypto/crypto38.txt
▶️ Running simulation for: crypto39
✅ Finished duel_ipv simulation. Results saved to: ./results/duel_policy/secret_traces//crypto/crypto39.txt
▶️ Running simulation for: crypto3
✅ Finished duel_ipv simulation. Results saved to: ./results/duel_policy/secret_traces//crypto/crypto3.txt
▶️ Running simulation for: crypto40
✅ Finished duel_ipv simulation. Results saved to: ./results/duel_policy/secret_traces//crypto/crypto40.txt
▶️ Running simulation for: crypto41
✅ Finished duel_ipv simulation. Results saved to: ./results/duel_policy/secret_traces//crypto/crypto41.txt
▶️ Running simulation for: crypto42
✅ Finished duel_ipv simulation. Results saved to: ./results/duel_policy/secret_traces//crypto/crypto42.txt
▶️ Running simulation for: crypto43
✅ Finished duel_ipv simulation. Results saved to: ./results/duel_policy/secret_traces//crypto/crypto43.txt
▶️ Running simulation for: crypto44
✅ Finished duel_ipv simulation. Results saved to: ./results/duel_policy/secret_traces//crypto/crypto44.txt
▶️ Running simulation for: crypto45
✅ Finished duel_ipv simulation. Results saved to: ./results/duel_policy/secret_traces//crypto/crypto45.txt
▶️ Running simulation for: crypto46
✅ Finished duel_ipv simulation. Results saved to: ./results/duel_policy/secret_traces//crypto/crypto46.txt
▶️ Running simulation for: crypto47
✅ Finished duel_ipv simulation. Results saved to: ./results/duel_policy/secret_traces//crypto/crypto47.txt
▶️ Running simulation for: crypto48
✅ Finished duel_ipv simulation. Results saved to: ./results/duel_policy/secret_traces//crypto/crypto48.txt
▶️ Running simulation for: crypto49
✅ Finished duel_ipv simulation. Results saved to: ./results/duel_policy/secret_traces//crypto/crypto49.txt
▶️ Running simulation for: crypto4
✅ Finished duel_ipv simulation. Results saved to: ./results/duel_policy/secret_traces//crypto/crypto4.txt
▶️ Running simulation for: crypto50
✅ Finished duel_ipv simulation. Results saved to: ./results/duel_policy/secret_traces//crypto/crypto50.txt
▶️ Running simulation for: crypto51
✅ Finished duel_ipv simulation. Results saved to: ./results/duel_policy/secret_traces//crypto/crypto51.txt
▶️ Running simulation for: crypto52
✅ Finished duel_ipv simulation. Results saved to: ./results/duel_policy/secret_traces//crypto/crypto52.txt
▶️ Running simulation for: crypto53
✅ Finished duel_ipv simulation. Results saved to: ./results/duel_policy/secret_traces//crypto/crypto53.txt
▶️ Running simulation for: crypto54
✅ Finished duel_ipv simulation. Results saved to: ./results/duel_policy/secret_traces//crypto/crypto54.txt
▶️ Running simulation for: crypto55
✅ Finished duel_ipv simulation. Results saved to: ./results/duel_policy/secret_traces//crypto/crypto55.txt
▶️ Running simulation for: crypto56
✅ Finished duel_ipv simulation. Results saved to: ./results/duel_policy/secret_traces//crypto/crypto56.txt
▶️ Running simulation for: crypto57
✅ Finished duel_ipv simulation. Results saved to: ./results/duel_policy/secret_traces//crypto/crypto57.txt
▶️ Running simulation for: crypto58
✅ Finished duel_ipv simulation. Results saved to: ./results/duel_policy/secret_traces//crypto/crypto58.txt
▶️ Running simulation for: crypto59
✅ Finished duel_ipv simulation. Results saved to: ./results/duel_policy/secret_traces//crypto/crypto59.txt
▶️ Running simulation for: crypto5
✅ Finished duel_ipv simulation. Results saved to: ./results/duel_policy/secret_traces//crypto/crypto5.txt
▶️ Running simulation for: crypto60
✅ Finished duel_ipv simulation. Results saved to: ./results/duel_policy/secret_traces//crypto/crypto60.txt
▶️ Running simulation for: crypto61
✅ Finished duel_ipv simulation. Results saved to: ./results/duel_policy/secret_traces//crypto/crypto61.txt
▶️ Running simulation for: crypto62
✅ Finished duel_ipv simulation. Results saved to: ./results/duel_policy/secret_traces//crypto/crypto62.txt
▶️ Running simulation for: crypto63
✅ Finished duel_ipv simulation. Results saved to: ./results/duel_policy/secret_traces//crypto/crypto63.txt
▶️ Running simulation for: crypto64
✅ Finished duel_ipv simulation. Results saved to: ./results/duel_policy/secret_traces//crypto/crypto64.txt
▶️ Running simulation for: crypto65
✅ Finished duel_ipv simulation. Results saved to: ./results/duel_policy/secret_traces//crypto/crypto65.txt
▶️ Running simulation for: crypto66
✅ Finished duel_ipv simulation. Results saved to: ./results/duel_policy/secret_traces//crypto/crypto66.txt
▶️ Running simulation for: crypto67
✅ Finished duel_ipv simulation. Results saved to: ./results/duel_policy/secret_traces//crypto/crypto67.txt
▶️ Running simulation for: crypto68
✅ Finished duel_ipv simulation. Results saved to: ./results/duel_policy/secret_traces//crypto/crypto68.txt
▶️ Running simulation for: crypto69
✅ Finished duel_ipv simulation. Results saved to: ./results/duel_policy/secret_traces//crypto/crypto69.txt
▶️ Running simulation for: crypto6
✅ Finished duel_ipv simulation. Results saved to: ./results/duel_policy/secret_traces//crypto/crypto6.txt
▶️ Running simulation for: crypto70
✅ Finished duel_ipv simulation. Results saved to: ./results/duel_policy/secret_traces//crypto/crypto70.txt
▶️ Running simulation for: crypto71
✅ Finished duel_ipv simulation. Results saved to: ./results/duel_policy/secret_traces//crypto/crypto71.txt
▶️ Running simulation for: crypto72
✅ Finished duel_ipv simulation. Results saved to: ./results/duel_policy/secret_traces//crypto/crypto72.txt
▶️ Running simulation for: crypto73
✅ Finished duel_ipv simulation. Results saved to: ./results/duel_policy/secret_traces//crypto/crypto73.txt
▶️ Running simulation for: crypto74
✅ Finished duel_ipv simulation. Results saved to: ./results/duel_policy/secret_traces//crypto/crypto74.txt
▶️ Running simulation for: crypto75
✅ Finished duel_ipv simulation. Results saved to: ./results/duel_policy/secret_traces//crypto/crypto75.txt
▶️ Running simulation for: crypto76
✅ Finished duel_ipv simulation. Results saved to: ./results/duel_policy/secret_traces//crypto/crypto76.txt
▶️ Running simulation for: crypto77
✅ Finished duel_ipv simulation. Results saved to: ./results/duel_policy/secret_traces//crypto/crypto77.txt
▶️ Running simulation for: crypto78
✅ Finished duel_ipv simulation. Results saved to: ./results/duel_policy/secret_traces//crypto/crypto78.txt
▶️ Running simulation for: crypto79
✅ Finished duel_ipv simulation. Results saved to: ./results/duel_policy/secret_traces//crypto/crypto79.txt
▶️ Running simulation for: crypto7
✅ Finished duel_ipv simulation. Results saved to: ./results/duel_policy/secret_traces//crypto/crypto7.txt
▶️ Running simulation for: crypto80
✅ Finished duel_ipv simulation. Results saved to: ./results/duel_policy/secret_traces//crypto/crypto80.txt
▶️ Running simulation for: crypto81
✅ Finished duel_ipv simulation. Results saved to: ./results/duel_policy/secret_traces//crypto/crypto81.txt
▶️ Running simulation for: crypto82
✅ Finished duel_ipv simulation. Results saved to: ./results/duel_policy/secret_traces//crypto/crypto82.txt
▶️ Running simulation for: crypto83
✅ Finished duel_ipv simulation. Results saved to: ./results/duel_policy/secret_traces//crypto/crypto83.txt
▶️ Running simulation for: crypto84
✅ Finished duel_ipv simulation. Results saved to: ./results/duel_policy/secret_traces//crypto/crypto84.txt
▶️ Running simulation for: crypto85
✅ Finished duel_ipv simulation. Results saved to: ./results/duel_policy/secret_traces//crypto/crypto85.txt
▶️ Running simulation for: crypto86
✅ Finished duel_ipv simulation. Results saved to: ./results/duel_policy/secret_traces//crypto/crypto86.txt
▶️ Running simulation for: crypto87
✅ Finished duel_ipv simulation. Results saved to: ./results/duel_policy/secret_traces//crypto/crypto87.txt
▶️ Running simulation for: crypto88
✅ Finished duel_ipv simulation. Results saved to: ./results/duel_policy/secret_traces//crypto/crypto88.txt
▶️ Running simulation for: crypto89
✅ Finished duel_ipv simulation. Results saved to: ./results/duel_policy/secret_traces//crypto/crypto89.txt
▶️ Running simulation for: crypto8
✅ Finished duel_ipv simulation. Results saved to: ./results/duel_policy/secret_traces//crypto/crypto8.txt
▶️ Running simulation for: crypto90
✅ Finished duel_ipv simulation. Results saved to: ./results/duel_policy/secret_traces//crypto/crypto90.txt
▶️ Running simulation for: crypto91
✅ Finished duel_ipv simulation. Results saved to: ./results/duel_policy/secret_traces//crypto/crypto91.txt
▶️ Running simulation for: crypto92
✅ Finished duel_ipv simulation. Results saved to: ./results/duel_policy/secret_traces//crypto/crypto92.txt
▶️ Running simulation for: crypto93
✅ Finished duel_ipv simulation. Results saved to: ./results/duel_policy/secret_traces//crypto/crypto93.txt
▶️ Running simulation for: crypto94
✅ Finished duel_ipv simulation. Results saved to: ./results/duel_policy/secret_traces//crypto/crypto94.txt
▶️ Running simulation for: crypto95
✅ Finished duel_ipv simulation. Results saved to: ./results/duel_policy/secret_traces//crypto/crypto95.txt
▶️ Running simulation for: crypto96
✅ Finished duel_ipv simulation. Results saved to: ./results/duel_policy/secret_traces//crypto/crypto96.txt
▶️ Running simulation for: crypto97
✅ Finished duel_ipv simulation. Results saved to: ./results/duel_policy/secret_traces//crypto/crypto97.txt
▶️ Running simulation for: crypto98
✅ Finished duel_ipv simulation. Results saved to: ./results/duel_policy/secret_traces//crypto/crypto98.txt
▶️ Running simulation for: crypto99
✅ Finished duel_ipv simulation. Results saved to: ./results/duel_policy/secret_traces//crypto/crypto99.txt
▶️ Running simulation for: crypto9
✅ Finished duel_ipv simulation. Results saved to: ./results/duel_policy/secret_traces//crypto/crypto9.txt

🎉 All simulations are complete!
