nohup: ignoring input
🚀 Starting ChampSim simulation script...
📁 Creating base output directory: ./results/duel_policy_512/public_traces/

=================================================
Processing trace set: compute_int
=================================================
📁 Creating output directory for compute_int: ./results/duel_policy_512/public_traces//compute_int
▶️ Running simulation for: compute_int_0
✅ Finished duel_ipv simulation. Results saved to: ./results/duel_policy_512/public_traces//compute_int/compute_int_0.txt
▶️ Running simulation for: compute_int_10
✅ Finished duel_ipv simulation. Results saved to: ./results/duel_policy_512/public_traces//compute_int/compute_int_10.txt
▶️ Running simulation for: compute_int_11
✅ Finished duel_ipv simulation. Results saved to: ./results/duel_policy_512/public_traces//compute_int/compute_int_11.txt
▶️ Running simulation for: compute_int_12
✅ Finished duel_ipv simulation. Results saved to: ./results/duel_policy_512/public_traces//compute_int/compute_int_12.txt
▶️ Running simulation for: compute_int_13
✅ Finished duel_ipv simulation. Results saved to: ./results/duel_policy_512/public_traces//compute_int/compute_int_13.txt
▶️ Running simulation for: compute_int_14
✅ Finished duel_ipv simulation. Results saved to: ./results/duel_policy_512/public_traces//compute_int/compute_int_14.txt
▶️ Running simulation for: compute_int_15
✅ Finished duel_ipv simulation. Results saved to: ./results/duel_policy_512/public_traces//compute_int/compute_int_15.txt
▶️ Running simulation for: compute_int_16
✅ Finished duel_ipv simulation. Results saved to: ./results/duel_policy_512/public_traces//compute_int/compute_int_16.txt
▶️ Running simulation for: compute_int_17
✅ Finished duel_ipv simulation. Results saved to: ./results/duel_policy_512/public_traces//compute_int/compute_int_17.txt
▶️ Running simulation for: compute_int_18
✅ Finished duel_ipv simulation. Results saved to: ./results/duel_policy_512/public_traces//compute_int/compute_int_18.txt
▶️ Running simulation for: compute_int_19
✅ Finished duel_ipv simulation. Results saved to: ./results/duel_policy_512/public_traces//compute_int/compute_int_19.txt
▶️ Running simulation for: compute_int_1
✅ Finished duel_ipv simulation. Results saved to: ./results/duel_policy_512/public_traces//compute_int/compute_int_1.txt
▶️ Running simulation for: compute_int_21
✅ Finished duel_ipv simulation. Results saved to: ./results/duel_policy_512/public_traces//compute_int/compute_int_21.txt
▶️ Running simulation for: compute_int_22
✅ Finished duel_ipv simulation. Results saved to: ./results/duel_policy_512/public_traces//compute_int/compute_int_22.txt
▶️ Running simulation for: compute_int_23
✅ Finished duel_ipv simulation. Results saved to: ./results/duel_policy_512/public_traces//compute_int/compute_int_23.txt
▶️ Running simulation for: compute_int_24
✅ Finished duel_ipv simulation. Results saved to: ./results/duel_policy_512/public_traces//compute_int/compute_int_24.txt
▶️ Running simulation for: compute_int_25
✅ Finished duel_ipv simulation. Results saved to: ./results/duel_policy_512/public_traces//compute_int/compute_int_25.txt
▶️ Running simulation for: compute_int_26
✅ Finished duel_ipv simulation. Results saved to: ./results/duel_policy_512/public_traces//compute_int/compute_int_26.txt
▶️ Running simulation for: compute_int_27
✅ Finished duel_ipv simulation. Results saved to: ./results/duel_policy_512/public_traces//compute_int/compute_int_27.txt
▶️ Running simulation for: compute_int_28
✅ Finished duel_ipv simulation. Results saved to: ./results/duel_policy_512/public_traces//compute_int/compute_int_28.txt
▶️ Running simulation for: compute_int_29
✅ Finished duel_ipv simulation. Results saved to: ./results/duel_policy_512/public_traces//compute_int/compute_int_29.txt
▶️ Running simulation for: compute_int_2
✅ Finished duel_ipv simulation. Results saved to: ./results/duel_policy_512/public_traces//compute_int/compute_int_2.txt
▶️ Running simulation for: compute_int_31
✅ Finished duel_ipv simulation. Results saved to: ./results/duel_policy_512/public_traces//compute_int/compute_int_31.txt
▶️ Running simulation for: compute_int_32
✅ Finished duel_ipv simulation. Results saved to: ./results/duel_policy_512/public_traces//compute_int/compute_int_32.txt
▶️ Running simulation for: compute_int_33
✅ Finished duel_ipv simulation. Results saved to: ./results/duel_policy_512/public_traces//compute_int/compute_int_33.txt
▶️ Running simulation for: compute_int_34
✅ Finished duel_ipv simulation. Results saved to: ./results/duel_policy_512/public_traces//compute_int/compute_int_34.txt
▶️ Running simulation for: compute_int_35
✅ Finished duel_ipv simulation. Results saved to: ./results/duel_policy_512/public_traces//compute_int/compute_int_35.txt
▶️ Running simulation for: compute_int_36
✅ Finished duel_ipv simulation. Results saved to: ./results/duel_policy_512/public_traces//compute_int/compute_int_36.txt
▶️ Running simulation for: compute_int_37
✅ Finished duel_ipv simulation. Results saved to: ./results/duel_policy_512/public_traces//compute_int/compute_int_37.txt
▶️ Running simulation for: compute_int_38
✅ Finished duel_ipv simulation. Results saved to: ./results/duel_policy_512/public_traces//compute_int/compute_int_38.txt
▶️ Running simulation for: compute_int_39
✅ Finished duel_ipv simulation. Results saved to: ./results/duel_policy_512/public_traces//compute_int/compute_int_39.txt
▶️ Running simulation for: compute_int_3
✅ Finished duel_ipv simulation. Results saved to: ./results/duel_policy_512/public_traces//compute_int/compute_int_3.txt
▶️ Running simulation for: compute_int_40
✅ Finished duel_ipv simulation. Results saved to: ./results/duel_policy_512/public_traces//compute_int/compute_int_40.txt
▶️ Running simulation for: compute_int_41
✅ Finished duel_ipv simulation. Results saved to: ./results/duel_policy_512/public_traces//compute_int/compute_int_41.txt
▶️ Running simulation for: compute_int_42
✅ Finished duel_ipv simulation. Results saved to: ./results/duel_policy_512/public_traces//compute_int/compute_int_42.txt
▶️ Running simulation for: compute_int_43
✅ Finished duel_ipv simulation. Results saved to: ./results/duel_policy_512/public_traces//compute_int/compute_int_43.txt
▶️ Running simulation for: compute_int_44
✅ Finished duel_ipv simulation. Results saved to: ./results/duel_policy_512/public_traces//compute_int/compute_int_44.txt
▶️ Running simulation for: compute_int_45
✅ Finished duel_ipv simulation. Results saved to: ./results/duel_policy_512/public_traces//compute_int/compute_int_45.txt
▶️ Running simulation for: compute_int_46
✅ Finished duel_ipv simulation. Results saved to: ./results/duel_policy_512/public_traces//compute_int/compute_int_46.txt
▶️ Running simulation for: compute_int_4
✅ Finished duel_ipv simulation. Results saved to: ./results/duel_policy_512/public_traces//compute_int/compute_int_4.txt
▶️ Running simulation for: compute_int_5
✅ Finished duel_ipv simulation. Results saved to: ./results/duel_policy_512/public_traces//compute_int/compute_int_5.txt
▶️ Running simulation for: compute_int_6
✅ Finished duel_ipv simulation. Results saved to: ./results/duel_policy_512/public_traces//compute_int/compute_int_6.txt
▶️ Running simulation for: compute_int_7
✅ Finished duel_ipv simulation. Results saved to: ./results/duel_policy_512/public_traces//compute_int/compute_int_7.txt
▶️ Running simulation for: compute_int_8
✅ Finished duel_ipv simulation. Results saved to: ./results/duel_policy_512/public_traces//compute_int/compute_int_8.txt
▶️ Running simulation for: compute_int_9
✅ Finished duel_ipv simulation. Results saved to: ./results/duel_policy_512/public_traces//compute_int/compute_int_9.txt

=================================================
Processing trace set: compute_fp
=================================================
📁 Creating output directory for compute_fp: ./results/duel_policy_512/public_traces//compute_fp
▶️ Running simulation for: compute_fp_10
✅ Finished duel_ipv simulation. Results saved to: ./results/duel_policy_512/public_traces//compute_fp/compute_fp_10.txt
▶️ Running simulation for: compute_fp_11
✅ Finished duel_ipv simulation. Results saved to: ./results/duel_policy_512/public_traces//compute_fp/compute_fp_11.txt
▶️ Running simulation for: compute_fp_12
✅ Finished duel_ipv simulation. Results saved to: ./results/duel_policy_512/public_traces//compute_fp/compute_fp_12.txt
▶️ Running simulation for: compute_fp_13
✅ Finished duel_ipv simulation. Results saved to: ./results/duel_policy_512/public_traces//compute_fp/compute_fp_13.txt
▶️ Running simulation for: compute_fp_1
✅ Finished duel_ipv simulation. Results saved to: ./results/duel_policy_512/public_traces//compute_fp/compute_fp_1.txt
▶️ Running simulation for: compute_fp_2
✅ Finished duel_ipv simulation. Results saved to: ./results/duel_policy_512/public_traces//compute_fp/compute_fp_2.txt
▶️ Running simulation for: compute_fp_3
✅ Finished duel_ipv simulation. Results saved to: ./results/duel_policy_512/public_traces//compute_fp/compute_fp_3.txt
▶️ Running simulation for: compute_fp_4
✅ Finished duel_ipv simulation. Results saved to: ./results/duel_policy_512/public_traces//compute_fp/compute_fp_4.txt
▶️ Running simulation for: compute_fp_5
✅ Finished duel_ipv simulation. Results saved to: ./results/duel_policy_512/public_traces//compute_fp/compute_fp_5.txt
▶️ Running simulation for: compute_fp_6
✅ Finished duel_ipv simulation. Results saved to: ./results/duel_policy_512/public_traces//compute_fp/compute_fp_6.txt
▶️ Running simulation for: compute_fp_7
./run_public_duel.sh: line 48: 178271 Aborted                 (core dumped) env LLC_IPV_INSTR="1_2_2_1_4#1_2_1_1_4" LLC_IPV_DATA="1_1_1_2_4#1_1_2_2_4" "$CHAMPSIM_BIN" --warmup-instructions "$WARMUP_INST" --simulation-instructions "$SIM_INST" "$trace_file" > "$output_file" 2>&1
✅ Finished duel_ipv simulation. Results saved to: ./results/duel_policy_512/public_traces//compute_fp/compute_fp_7.txt
▶️ Running simulation for: compute_fp_8
✅ Finished duel_ipv simulation. Results saved to: ./results/duel_policy_512/public_traces//compute_fp/compute_fp_8.txt
▶️ Running simulation for: compute_fp_9
✅ Finished duel_ipv simulation. Results saved to: ./results/duel_policy_512/public_traces//compute_fp/compute_fp_9.txt

=================================================
Processing trace set: srv
=================================================
📁 Creating output directory for srv: ./results/duel_policy_512/public_traces//srv
▶️ Running simulation for: srv_0
✅ Finished duel_ipv simulation. Results saved to: ./results/duel_policy_512/public_traces//srv/srv_0.txt
▶️ Running simulation for: srv_10
✅ Finished duel_ipv simulation. Results saved to: ./results/duel_policy_512/public_traces//srv/srv_10.txt
▶️ Running simulation for: srv_11
✅ Finished duel_ipv simulation. Results saved to: ./results/duel_policy_512/public_traces//srv/srv_11.txt
▶️ Running simulation for: srv_12
✅ Finished duel_ipv simulation. Results saved to: ./results/duel_policy_512/public_traces//srv/srv_12.txt
▶️ Running simulation for: srv_13
✅ Finished duel_ipv simulation. Results saved to: ./results/duel_policy_512/public_traces//srv/srv_13.txt
▶️ Running simulation for: srv_14
✅ Finished duel_ipv simulation. Results saved to: ./results/duel_policy_512/public_traces//srv/srv_14.txt
▶️ Running simulation for: srv_15
✅ Finished duel_ipv simulation. Results saved to: ./results/duel_policy_512/public_traces//srv/srv_15.txt
▶️ Running simulation for: srv_16
✅ Finished duel_ipv simulation. Results saved to: ./results/duel_policy_512/public_traces//srv/srv_16.txt
▶️ Running simulation for: srv_17
✅ Finished duel_ipv simulation. Results saved to: ./results/duel_policy_512/public_traces//srv/srv_17.txt
▶️ Running simulation for: srv_18
✅ Finished duel_ipv simulation. Results saved to: ./results/duel_policy_512/public_traces//srv/srv_18.txt
▶️ Running simulation for: srv_19
✅ Finished duel_ipv simulation. Results saved to: ./results/duel_policy_512/public_traces//srv/srv_19.txt
▶️ Running simulation for: srv_1
✅ Finished duel_ipv simulation. Results saved to: ./results/duel_policy_512/public_traces//srv/srv_1.txt
▶️ Running simulation for: srv_20
✅ Finished duel_ipv simulation. Results saved to: ./results/duel_policy_512/public_traces//srv/srv_20.txt
▶️ Running simulation for: srv_21
✅ Finished duel_ipv simulation. Results saved to: ./results/duel_policy_512/public_traces//srv/srv_21.txt
▶️ Running simulation for: srv_22
✅ Finished duel_ipv simulation. Results saved to: ./results/duel_policy_512/public_traces//srv/srv_22.txt
▶️ Running simulation for: srv_23
✅ Finished duel_ipv simulation. Results saved to: ./results/duel_policy_512/public_traces//srv/srv_23.txt
▶️ Running simulation for: srv_24
✅ Finished duel_ipv simulation. Results saved to: ./results/duel_policy_512/public_traces//srv/srv_24.txt
▶️ Running simulation for: srv_25
✅ Finished duel_ipv simulation. Results saved to: ./results/duel_policy_512/public_traces//srv/srv_25.txt
▶️ Running simulation for: srv_26
✅ Finished duel_ipv simulation. Results saved to: ./results/duel_policy_512/public_traces//srv/srv_26.txt
▶️ Running simulation for: srv_27
✅ Finished duel_ipv simulation. Results saved to: ./results/duel_policy_512/public_traces//srv/srv_27.txt
▶️ Running simulation for: srv_28
✅ Finished duel_ipv simulation. Results saved to: ./results/duel_policy_512/public_traces//srv/srv_28.txt
▶️ Running simulation for: srv_29
✅ Finished duel_ipv simulation. Results saved to: ./results/duel_policy_512/public_traces//srv/srv_29.txt
▶️ Running simulation for: srv_2
✅ Finished duel_ipv simulation. Results saved to: ./results/duel_policy_512/public_traces//srv/srv_2.txt
▶️ Running simulation for: srv_30
✅ Finished duel_ipv simulation. Results saved to: ./results/duel_policy_512/public_traces//srv/srv_30.txt
▶️ Running simulation for: srv_31
✅ Finished duel_ipv simulation. Results saved to: ./results/duel_policy_512/public_traces//srv/srv_31.txt
▶️ Running simulation for: srv_32
✅ Finished duel_ipv simulation. Results saved to: ./results/duel_policy_512/public_traces//srv/srv_32.txt
▶️ Running simulation for: srv_33
✅ Finished duel_ipv simulation. Results saved to: ./results/duel_policy_512/public_traces//srv/srv_33.txt
▶️ Running simulation for: srv_34
✅ Finished duel_ipv simulation. Results saved to: ./results/duel_policy_512/public_traces//srv/srv_34.txt
▶️ Running simulation for: srv_35
✅ Finished duel_ipv simulation. Results saved to: ./results/duel_policy_512/public_traces//srv/srv_35.txt
▶️ Running simulation for: srv_36
✅ Finished duel_ipv simulation. Results saved to: ./results/duel_policy_512/public_traces//srv/srv_36.txt
▶️ Running simulation for: srv_37
✅ Finished duel_ipv simulation. Results saved to: ./results/duel_policy_512/public_traces//srv/srv_37.txt
▶️ Running simulation for: srv_38
✅ Finished duel_ipv simulation. Results saved to: ./results/duel_policy_512/public_traces//srv/srv_38.txt
▶️ Running simulation for: srv_39
✅ Finished duel_ipv simulation. Results saved to: ./results/duel_policy_512/public_traces//srv/srv_39.txt
▶️ Running simulation for: srv_3
✅ Finished duel_ipv simulation. Results saved to: ./results/duel_policy_512/public_traces//srv/srv_3.txt
▶️ Running simulation for: srv_40
✅ Finished duel_ipv simulation. Results saved to: ./results/duel_policy_512/public_traces//srv/srv_40.txt
▶️ Running simulation for: srv_41
✅ Finished duel_ipv simulation. Results saved to: ./results/duel_policy_512/public_traces//srv/srv_41.txt
▶️ Running simulation for: srv_42
✅ Finished duel_ipv simulation. Results saved to: ./results/duel_policy_512/public_traces//srv/srv_42.txt
▶️ Running simulation for: srv_43
✅ Finished duel_ipv simulation. Results saved to: ./results/duel_policy_512/public_traces//srv/srv_43.txt
▶️ Running simulation for: srv_44
✅ Finished duel_ipv simulation. Results saved to: ./results/duel_policy_512/public_traces//srv/srv_44.txt
▶️ Running simulation for: srv_45
✅ Finished duel_ipv simulation. Results saved to: ./results/duel_policy_512/public_traces//srv/srv_45.txt
▶️ Running simulation for: srv_46
✅ Finished duel_ipv simulation. Results saved to: ./results/duel_policy_512/public_traces//srv/srv_46.txt
▶️ Running simulation for: srv_47
✅ Finished duel_ipv simulation. Results saved to: ./results/duel_policy_512/public_traces//srv/srv_47.txt
▶️ Running simulation for: srv_48
✅ Finished duel_ipv simulation. Results saved to: ./results/duel_policy_512/public_traces//srv/srv_48.txt
▶️ Running simulation for: srv_49
✅ Finished duel_ipv simulation. Results saved to: ./results/duel_policy_512/public_traces//srv/srv_49.txt
▶️ Running simulation for: srv_4
✅ Finished duel_ipv simulation. Results saved to: ./results/duel_policy_512/public_traces//srv/srv_4.txt
▶️ Running simulation for: srv_50
✅ Finished duel_ipv simulation. Results saved to: ./results/duel_policy_512/public_traces//srv/srv_50.txt
▶️ Running simulation for: srv_51
✅ Finished duel_ipv simulation. Results saved to: ./results/duel_policy_512/public_traces//srv/srv_51.txt
▶️ Running simulation for: srv_52
✅ Finished duel_ipv simulation. Results saved to: ./results/duel_policy_512/public_traces//srv/srv_52.txt
▶️ Running simulation for: srv_53
✅ Finished duel_ipv simulation. Results saved to: ./results/duel_policy_512/public_traces//srv/srv_53.txt
▶️ Running simulation for: srv_54
✅ Finished duel_ipv simulation. Results saved to: ./results/duel_policy_512/public_traces//srv/srv_54.txt
▶️ Running simulation for: srv_55
✅ Finished duel_ipv simulation. Results saved to: ./results/duel_policy_512/public_traces//srv/srv_55.txt
▶️ Running simulation for: srv_56
✅ Finished duel_ipv simulation. Results saved to: ./results/duel_policy_512/public_traces//srv/srv_56.txt
▶️ Running simulation for: srv_57
✅ Finished duel_ipv simulation. Results saved to: ./results/duel_policy_512/public_traces//srv/srv_57.txt
▶️ Running simulation for: srv_58
✅ Finished duel_ipv simulation. Results saved to: ./results/duel_policy_512/public_traces//srv/srv_58.txt
▶️ Running simulation for: srv_59
✅ Finished duel_ipv simulation. Results saved to: ./results/duel_policy_512/public_traces//srv/srv_59.txt
▶️ Running simulation for: srv_5
✅ Finished duel_ipv simulation. Results saved to: ./results/duel_policy_512/public_traces//srv/srv_5.txt
▶️ Running simulation for: srv_60
✅ Finished duel_ipv simulation. Results saved to: ./results/duel_policy_512/public_traces//srv/srv_60.txt
▶️ Running simulation for: srv_61
✅ Finished duel_ipv simulation. Results saved to: ./results/duel_policy_512/public_traces//srv/srv_61.txt
▶️ Running simulation for: srv_62
✅ Finished duel_ipv simulation. Results saved to: ./results/duel_policy_512/public_traces//srv/srv_62.txt
▶️ Running simulation for: srv_63
✅ Finished duel_ipv simulation. Results saved to: ./results/duel_policy_512/public_traces//srv/srv_63.txt
▶️ Running simulation for: srv_64
✅ Finished duel_ipv simulation. Results saved to: ./results/duel_policy_512/public_traces//srv/srv_64.txt
▶️ Running simulation for: srv_65
✅ Finished duel_ipv simulation. Results saved to: ./results/duel_policy_512/public_traces//srv/srv_65.txt
▶️ Running simulation for: srv_66
✅ Finished duel_ipv simulation. Results saved to: ./results/duel_policy_512/public_traces//srv/srv_66.txt
▶️ Running simulation for: srv_67
✅ Finished duel_ipv simulation. Results saved to: ./results/duel_policy_512/public_traces//srv/srv_67.txt
▶️ Running simulation for: srv_68
✅ Finished duel_ipv simulation. Results saved to: ./results/duel_policy_512/public_traces//srv/srv_68.txt
▶️ Running simulation for: srv_69
✅ Finished duel_ipv simulation. Results saved to: ./results/duel_policy_512/public_traces//srv/srv_69.txt
▶️ Running simulation for: srv_6
✅ Finished duel_ipv simulation. Results saved to: ./results/duel_policy_512/public_traces//srv/srv_6.txt
▶️ Running simulation for: srv_70
✅ Finished duel_ipv simulation. Results saved to: ./results/duel_policy_512/public_traces//srv/srv_70.txt
▶️ Running simulation for: srv_71
✅ Finished duel_ipv simulation. Results saved to: ./results/duel_policy_512/public_traces//srv/srv_71.txt
▶️ Running simulation for: srv_72
✅ Finished duel_ipv simulation. Results saved to: ./results/duel_policy_512/public_traces//srv/srv_72.txt
▶️ Running simulation for: srv_73
✅ Finished duel_ipv simulation. Results saved to: ./results/duel_policy_512/public_traces//srv/srv_73.txt
▶️ Running simulation for: srv_74
✅ Finished duel_ipv simulation. Results saved to: ./results/duel_policy_512/public_traces//srv/srv_74.txt
▶️ Running simulation for: srv_75
✅ Finished duel_ipv simulation. Results saved to: ./results/duel_policy_512/public_traces//srv/srv_75.txt
▶️ Running simulation for: srv_76
✅ Finished duel_ipv simulation. Results saved to: ./results/duel_policy_512/public_traces//srv/srv_76.txt
▶️ Running simulation for: srv_7
✅ Finished duel_ipv simulation. Results saved to: ./results/duel_policy_512/public_traces//srv/srv_7.txt
▶️ Running simulation for: srv_8
✅ Finished duel_ipv simulation. Results saved to: ./results/duel_policy_512/public_traces//srv/srv_8.txt
▶️ Running simulation for: srv_9
✅ Finished duel_ipv simulation. Results saved to: ./results/duel_policy_512/public_traces//srv/srv_9.txt

🎉 All simulations are complete!
