nohup: ignoring input
🚀 Starting ChampSim simulation script...
📁 Creating base output directory: ./results/duel_policy_512/secret_traces/

=================================================
Processing trace set: compute_fp
=================================================
📁 Creating output directory for compute_fp: ./results/duel_policy_512/secret_traces//compute_fp
▶️ Running simulation for: compute_fp_0
✅ Finished duel_ipv simulation. Results saved to: ./results/duel_policy_512/secret_traces//compute_fp/compute_fp_0.txt
▶️ Running simulation for: compute_fp_100
✅ Finished duel_ipv simulation. Results saved to: ./results/duel_policy_512/secret_traces//compute_fp/compute_fp_100.txt
▶️ Running simulation for: compute_fp_101
✅ Finished duel_ipv simulation. Results saved to: ./results/duel_policy_512/secret_traces//compute_fp/compute_fp_101.txt
▶️ Running simulation for: compute_fp_102
✅ Finished duel_ipv simulation. Results saved to: ./results/duel_policy_512/secret_traces//compute_fp/compute_fp_102.txt
▶️ Running simulation for: compute_fp_103
✅ Finished duel_ipv simulation. Results saved to: ./results/duel_policy_512/secret_traces//compute_fp/compute_fp_103.txt
▶️ Running simulation for: compute_fp_104
✅ Finished duel_ipv simulation. Results saved to: ./results/duel_policy_512/secret_traces//compute_fp/compute_fp_104.txt
▶️ Running simulation for: compute_fp_105
✅ Finished duel_ipv simulation. Results saved to: ./results/duel_policy_512/secret_traces//compute_fp/compute_fp_105.txt
▶️ Running simulation for: compute_fp_106
✅ Finished duel_ipv simulation. Results saved to: ./results/duel_policy_512/secret_traces//compute_fp/compute_fp_106.txt
▶️ Running simulation for: compute_fp_107
✅ Finished duel_ipv simulation. Results saved to: ./results/duel_policy_512/secret_traces//compute_fp/compute_fp_107.txt
▶️ Running simulation for: compute_fp_108
✅ Finished duel_ipv simulation. Results saved to: ./results/duel_policy_512/secret_traces//compute_fp/compute_fp_108.txt
▶️ Running simulation for: compute_fp_109
✅ Finished duel_ipv simulation. Results saved to: ./results/duel_policy_512/secret_traces//compute_fp/compute_fp_109.txt
▶️ Running simulation for: compute_fp_10
✅ Finished duel_ipv simulation. Results saved to: ./results/duel_policy_512/secret_traces//compute_fp/compute_fp_10.txt
▶️ Running simulation for: compute_fp_110
✅ Finished duel_ipv simulation. Results saved to: ./results/duel_policy_512/secret_traces//compute_fp/compute_fp_110.txt
▶️ Running simulation for: compute_fp_111
✅ Finished duel_ipv simulation. Results saved to: ./results/duel_policy_512/secret_traces//compute_fp/compute_fp_111.txt
▶️ Running simulation for: compute_fp_112
./run_duel.sh: line 48: 209602 Aborted                 (core dumped) env LLC_IPV_INSTR="1_2_2_1_4#1_2_1_1_4" LLC_IPV_DATA="1_1_1_2_4#1_1_2_2_4" "$CHAMPSIM_BIN" --warmup-instructions "$WARMUP_INST" --simulation-instructions "$SIM_INST" "$trace_file" > "$output_file" 2>&1
✅ Finished duel_ipv simulation. Results saved to: ./results/duel_policy_512/secret_traces//compute_fp/compute_fp_112.txt
▶️ Running simulation for: compute_fp_113
✅ Finished duel_ipv simulation. Results saved to: ./results/duel_policy_512/secret_traces//compute_fp/compute_fp_113.txt
▶️ Running simulation for: compute_fp_114
✅ Finished duel_ipv simulation. Results saved to: ./results/duel_policy_512/secret_traces//compute_fp/compute_fp_114.txt
▶️ Running simulation for: compute_fp_115
✅ Finished duel_ipv simulation. Results saved to: ./results/duel_policy_512/secret_traces//compute_fp/compute_fp_115.txt
▶️ Running simulation for: compute_fp_116
./run_duel.sh: line 48: 213282 Aborted                 (core dumped) env LLC_IPV_INSTR="1_2_2_1_4#1_2_1_1_4" LLC_IPV_DATA="1_1_1_2_4#1_1_2_2_4" "$CHAMPSIM_BIN" --warmup-instructions "$WARMUP_INST" --simulation-instructions "$SIM_INST" "$trace_file" > "$output_file" 2>&1
✅ Finished duel_ipv simulation. Results saved to: ./results/duel_policy_512/secret_traces//compute_fp/compute_fp_116.txt
▶️ Running simulation for: compute_fp_117
✅ Finished duel_ipv simulation. Results saved to: ./results/duel_policy_512/secret_traces//compute_fp/compute_fp_117.txt
▶️ Running simulation for: compute_fp_118
